<?xml version="1.0" encoding="UTF-8"?>
<testsuites>
  <testsuite name="" tests="35" assertions="1" errors="34" warnings="0" failures="0" skipped="0" time="1.675527">
    <testsuite name="Feature" tests="25" assertions="1" errors="24" warnings="0" failures="0" skipped="0" time="1.283609">
      <testsuite name="Tests\Feature\app\Http\Controllers\LienControllerTest" file="/home/coder/project/tests/Feature/app/Http/Controllers/LienControllerTest.php" tests="4" assertions="0" errors="4" warnings="0" failures="0" skipped="0" time="0.449656">
        <testcase name="test_lien_index_succeeds" class="Tests\Feature\app\Http\Controllers\LienControllerTest" classname="Tests.Feature.app.Http.Controllers.LienControllerTest" file="/home/coder/project/tests/Feature/app/Http/Controllers/LienControllerTest.php" line="20" assertions="0" time="0.341177">
          <error type="Illuminate\Database\QueryException">Tests\Feature\app\Http\Controllers\LienControllerTest::test_lien_index_succeeds
Illuminate\Database\QueryException: could not find driver (Connection: sqlite, SQL: PRAGMA foreign_keys = ON;)

/home/coder/project/vendor/laravel/framework/src/Illuminate/Database/Connection.php:822
/home/coder/project/vendor/laravel/framework/src/Illuminate/Database/Connection.php:776
/home/coder/project/vendor/laravel/framework/src/Illuminate/Database/Connection.php:581
/home/coder/project/vendor/laravel/framework/src/Illuminate/Database/Schema/Builder.php:511
/home/coder/project/vendor/laravel/framework/src/Illuminate/Database/SQLiteConnection.php:36
/home/coder/project/vendor/laravel/framework/src/Illuminate/Database/Connectors/ConnectionFactory.php:272
/home/coder/project/vendor/laravel/framework/src/Illuminate/Database/Connectors/ConnectionFactory.php:76
/home/coder/project/vendor/laravel/framework/src/Illuminate/Database/Connectors/ConnectionFactory.php:50
/home/coder/project/vendor/laravel/framework/src/Illuminate/Database/DatabaseManager.php:152
/home/coder/project/vendor/laravel/framework/src/Illuminate/Database/DatabaseManager.php:101
/home/coder/project/vendor/laravel/framework/src/Illuminate/Database/Migrations/DatabaseMigrationRepository.php:226
/home/coder/project/vendor/laravel/framework/src/Illuminate/Database/Migrations/DatabaseMigrationRepository.php:182
/home/coder/project/vendor/laravel/framework/src/Illuminate/Database/Migrations/Migrator.php:700
/home/coder/project/vendor/laravel/framework/src/Illuminate/Database/Console/Migrations/MigrateCommand.php:140
/home/coder/project/vendor/laravel/framework/src/Illuminate/Support/helpers.php:248
/home/coder/project/vendor/laravel/framework/src/Illuminate/Database/Console/Migrations/MigrateCommand.php:159
/home/coder/project/vendor/laravel/framework/src/Illuminate/Database/Console/Migrations/MigrateCommand.php:116
/home/coder/project/vendor/laravel/framework/src/Illuminate/Database/Console/Migrations/MigrateCommand.php:84
/home/coder/project/vendor/laravel/framework/src/Illuminate/Database/Migrations/Migrator.php:633
/home/coder/project/vendor/laravel/framework/src/Illuminate/Database/Console/Migrations/MigrateCommand.php:104
/home/coder/project/vendor/laravel/framework/src/Illuminate/Container/BoundMethod.php:36
/home/coder/project/vendor/laravel/framework/src/Illuminate/Container/Util.php:41
/home/coder/project/vendor/laravel/framework/src/Illuminate/Container/BoundMethod.php:93
/home/coder/project/vendor/laravel/framework/src/Illuminate/Container/BoundMethod.php:37
/home/coder/project/vendor/laravel/framework/src/Illuminate/Container/Container.php:662
/home/coder/project/vendor/laravel/framework/src/Illuminate/Console/Command.php:211
/home/coder/project/vendor/symfony/console/Command/Command.php:326
/home/coder/project/vendor/laravel/framework/src/Illuminate/Console/Command.php:181
/home/coder/project/vendor/symfony/console/Application.php:1078
/home/coder/project/vendor/symfony/console/Application.php:324
/home/coder/project/vendor/symfony/console/Application.php:175
/home/coder/project/vendor/laravel/framework/src/Illuminate/Console/Application.php:163
/home/coder/project/vendor/laravel/framework/src/Illuminate/Foundation/Console/Kernel.php:400
/home/coder/project/vendor/laravel/framework/src/Illuminate/Testing/PendingCommand.php:297
/home/coder/project/vendor/laravel/framework/src/Illuminate/Testing/PendingCommand.php:484
/home/coder/project/vendor/laravel/framework/src/Illuminate/Foundation/Testing/Concerns/InteractsWithConsole.php:80
/home/coder/project/vendor/laravel/framework/src/Illuminate/Foundation/Testing/RefreshDatabase.php:47
/home/coder/project/vendor/laravel/framework/src/Illuminate/Foundation/Testing/RefreshDatabase.php:22
/home/coder/project/vendor/laravel/framework/src/Illuminate/Foundation/Testing/TestCase.php:128
/home/coder/project/vendor/laravel/framework/src/Illuminate/Foundation/Testing/TestCase.php:97</error>
        </testcase>
        <testcase name="test_lien_create_succeeds" class="Tests\Feature\app\Http\Controllers\LienControllerTest" classname="Tests.Feature.app.Http.Controllers.LienControllerTest" file="/home/coder/project/tests/Feature/app/Http/Controllers/LienControllerTest.php" line="30" assertions="0" time="0.036426">
          <error type="Illuminate\Database\QueryException">Tests\Feature\app\Http\Controllers\LienControllerTest::test_lien_create_succeeds
Illuminate\Database\QueryException: could not find driver (Connection: sqlite, SQL: PRAGMA foreign_keys = ON;)

/home/coder/project/vendor/laravel/framework/src/Illuminate/Database/Connection.php:822
/home/coder/project/vendor/laravel/framework/src/Illuminate/Database/Connection.php:776
/home/coder/project/vendor/laravel/framework/src/Illuminate/Database/Connection.php:581
/home/coder/project/vendor/laravel/framework/src/Illuminate/Database/Schema/Builder.php:511
/home/coder/project/vendor/laravel/framework/src/Illuminate/Database/SQLiteConnection.php:36
/home/coder/project/vendor/laravel/framework/src/Illuminate/Database/Connectors/ConnectionFactory.php:272
/home/coder/project/vendor/laravel/framework/src/Illuminate/Database/Connectors/ConnectionFactory.php:76
/home/coder/project/vendor/laravel/framework/src/Illuminate/Database/Connectors/ConnectionFactory.php:50
/home/coder/project/vendor/laravel/framework/src/Illuminate/Database/DatabaseManager.php:152
/home/coder/project/vendor/laravel/framework/src/Illuminate/Database/DatabaseManager.php:101
/home/coder/project/vendor/laravel/framework/src/Illuminate/Database/Migrations/DatabaseMigrationRepository.php:226
/home/coder/project/vendor/laravel/framework/src/Illuminate/Database/Migrations/DatabaseMigrationRepository.php:182
/home/coder/project/vendor/laravel/framework/src/Illuminate/Database/Migrations/Migrator.php:700
/home/coder/project/vendor/laravel/framework/src/Illuminate/Database/Console/Migrations/MigrateCommand.php:140
/home/coder/project/vendor/laravel/framework/src/Illuminate/Support/helpers.php:248
/home/coder/project/vendor/laravel/framework/src/Illuminate/Database/Console/Migrations/MigrateCommand.php:159
/home/coder/project/vendor/laravel/framework/src/Illuminate/Database/Console/Migrations/MigrateCommand.php:116
/home/coder/project/vendor/laravel/framework/src/Illuminate/Database/Console/Migrations/MigrateCommand.php:84
/home/coder/project/vendor/laravel/framework/src/Illuminate/Database/Migrations/Migrator.php:633
/home/coder/project/vendor/laravel/framework/src/Illuminate/Database/Console/Migrations/MigrateCommand.php:104
/home/coder/project/vendor/laravel/framework/src/Illuminate/Container/BoundMethod.php:36
/home/coder/project/vendor/laravel/framework/src/Illuminate/Container/Util.php:41
/home/coder/project/vendor/laravel/framework/src/Illuminate/Container/BoundMethod.php:93
/home/coder/project/vendor/laravel/framework/src/Illuminate/Container/BoundMethod.php:37
/home/coder/project/vendor/laravel/framework/src/Illuminate/Container/Container.php:662
/home/coder/project/vendor/laravel/framework/src/Illuminate/Console/Command.php:211
/home/coder/project/vendor/symfony/console/Command/Command.php:326
/home/coder/project/vendor/laravel/framework/src/Illuminate/Console/Command.php:181
/home/coder/project/vendor/symfony/console/Application.php:1078
/home/coder/project/vendor/symfony/console/Application.php:324
/home/coder/project/vendor/symfony/console/Application.php:175
/home/coder/project/vendor/laravel/framework/src/Illuminate/Console/Application.php:163
/home/coder/project/vendor/laravel/framework/src/Illuminate/Foundation/Console/Kernel.php:400
/home/coder/project/vendor/laravel/framework/src/Illuminate/Testing/PendingCommand.php:297
/home/coder/project/vendor/laravel/framework/src/Illuminate/Testing/PendingCommand.php:484
/home/coder/project/vendor/laravel/framework/src/Illuminate/Foundation/Testing/Concerns/InteractsWithConsole.php:80
/home/coder/project/vendor/laravel/framework/src/Illuminate/Foundation/Testing/RefreshDatabase.php:47
/home/coder/project/vendor/laravel/framework/src/Illuminate/Foundation/Testing/RefreshDatabase.php:22
/home/coder/project/vendor/laravel/framework/src/Illuminate/Foundation/Testing/TestCase.php:128
/home/coder/project/vendor/laravel/framework/src/Illuminate/Foundation/Testing/TestCase.php:97</error>
        </testcase>
        <testcase name="test_lien_store_succeeds" class="Tests\Feature\app\Http\Controllers\LienControllerTest" classname="Tests.Feature.app.Http.Controllers.LienControllerTest" file="/home/coder/project/tests/Feature/app/Http/Controllers/LienControllerTest.php" line="40" assertions="0" time="0.032958">
          <error type="Illuminate\Database\QueryException">Tests\Feature\app\Http\Controllers\LienControllerTest::test_lien_store_succeeds
Illuminate\Database\QueryException: could not find driver (Connection: sqlite, SQL: PRAGMA foreign_keys = ON;)

/home/coder/project/vendor/laravel/framework/src/Illuminate/Database/Connection.php:822
/home/coder/project/vendor/laravel/framework/src/Illuminate/Database/Connection.php:776
/home/coder/project/vendor/laravel/framework/src/Illuminate/Database/Connection.php:581
/home/coder/project/vendor/laravel/framework/src/Illuminate/Database/Schema/Builder.php:511
/home/coder/project/vendor/laravel/framework/src/Illuminate/Database/SQLiteConnection.php:36
/home/coder/project/vendor/laravel/framework/src/Illuminate/Database/Connectors/ConnectionFactory.php:272
/home/coder/project/vendor/laravel/framework/src/Illuminate/Database/Connectors/ConnectionFactory.php:76
/home/coder/project/vendor/laravel/framework/src/Illuminate/Database/Connectors/ConnectionFactory.php:50
/home/coder/project/vendor/laravel/framework/src/Illuminate/Database/DatabaseManager.php:152
/home/coder/project/vendor/laravel/framework/src/Illuminate/Database/DatabaseManager.php:101
/home/coder/project/vendor/laravel/framework/src/Illuminate/Database/Migrations/DatabaseMigrationRepository.php:226
/home/coder/project/vendor/laravel/framework/src/Illuminate/Database/Migrations/DatabaseMigrationRepository.php:182
/home/coder/project/vendor/laravel/framework/src/Illuminate/Database/Migrations/Migrator.php:700
/home/coder/project/vendor/laravel/framework/src/Illuminate/Database/Console/Migrations/MigrateCommand.php:140
/home/coder/project/vendor/laravel/framework/src/Illuminate/Support/helpers.php:248
/home/coder/project/vendor/laravel/framework/src/Illuminate/Database/Console/Migrations/MigrateCommand.php:159
/home/coder/project/vendor/laravel/framework/src/Illuminate/Database/Console/Migrations/MigrateCommand.php:116
/home/coder/project/vendor/laravel/framework/src/Illuminate/Database/Console/Migrations/MigrateCommand.php:84
/home/coder/project/vendor/laravel/framework/src/Illuminate/Database/Migrations/Migrator.php:633
/home/coder/project/vendor/laravel/framework/src/Illuminate/Database/Console/Migrations/MigrateCommand.php:104
/home/coder/project/vendor/laravel/framework/src/Illuminate/Container/BoundMethod.php:36
/home/coder/project/vendor/laravel/framework/src/Illuminate/Container/Util.php:41
/home/coder/project/vendor/laravel/framework/src/Illuminate/Container/BoundMethod.php:93
/home/coder/project/vendor/laravel/framework/src/Illuminate/Container/BoundMethod.php:37
/home/coder/project/vendor/laravel/framework/src/Illuminate/Container/Container.php:662
/home/coder/project/vendor/laravel/framework/src/Illuminate/Console/Command.php:211
/home/coder/project/vendor/symfony/console/Command/Command.php:326
/home/coder/project/vendor/laravel/framework/src/Illuminate/Console/Command.php:181
/home/coder/project/vendor/symfony/console/Application.php:1078
/home/coder/project/vendor/symfony/console/Application.php:324
/home/coder/project/vendor/symfony/console/Application.php:175
/home/coder/project/vendor/laravel/framework/src/Illuminate/Console/Application.php:163
/home/coder/project/vendor/laravel/framework/src/Illuminate/Foundation/Console/Kernel.php:400
/home/coder/project/vendor/laravel/framework/src/Illuminate/Testing/PendingCommand.php:297
/home/coder/project/vendor/laravel/framework/src/Illuminate/Testing/PendingCommand.php:484
/home/coder/project/vendor/laravel/framework/src/Illuminate/Foundation/Testing/Concerns/InteractsWithConsole.php:80
/home/coder/project/vendor/laravel/framework/src/Illuminate/Foundation/Testing/RefreshDatabase.php:47
/home/coder/project/vendor/laravel/framework/src/Illuminate/Foundation/Testing/RefreshDatabase.php:22
/home/coder/project/vendor/laravel/framework/src/Illuminate/Foundation/Testing/TestCase.php:128
/home/coder/project/vendor/laravel/framework/src/Illuminate/Foundation/Testing/TestCase.php:97</error>
        </testcase>
        <testcase name="test_lien_delete_succeeds" class="Tests\Feature\app\Http\Controllers\LienControllerTest" classname="Tests.Feature.app.Http.Controllers.LienControllerTest" file="/home/coder/project/tests/Feature/app/Http/Controllers/LienControllerTest.php" line="52" assertions="0" time="0.039095">
          <error type="Illuminate\Database\QueryException">Tests\Feature\app\Http\Controllers\LienControllerTest::test_lien_delete_succeeds
Illuminate\Database\QueryException: could not find driver (Connection: sqlite, SQL: PRAGMA foreign_keys = ON;)

/home/coder/project/vendor/laravel/framework/src/Illuminate/Database/Connection.php:822
/home/coder/project/vendor/laravel/framework/src/Illuminate/Database/Connection.php:776
/home/coder/project/vendor/laravel/framework/src/Illuminate/Database/Connection.php:581
/home/coder/project/vendor/laravel/framework/src/Illuminate/Database/Schema/Builder.php:511
/home/coder/project/vendor/laravel/framework/src/Illuminate/Database/SQLiteConnection.php:36
/home/coder/project/vendor/laravel/framework/src/Illuminate/Database/Connectors/ConnectionFactory.php:272
/home/coder/project/vendor/laravel/framework/src/Illuminate/Database/Connectors/ConnectionFactory.php:76
/home/coder/project/vendor/laravel/framework/src/Illuminate/Database/Connectors/ConnectionFactory.php:50
/home/coder/project/vendor/laravel/framework/src/Illuminate/Database/DatabaseManager.php:152
/home/coder/project/vendor/laravel/framework/src/Illuminate/Database/DatabaseManager.php:101
/home/coder/project/vendor/laravel/framework/src/Illuminate/Database/Migrations/DatabaseMigrationRepository.php:226
/home/coder/project/vendor/laravel/framework/src/Illuminate/Database/Migrations/DatabaseMigrationRepository.php:182
/home/coder/project/vendor/laravel/framework/src/Illuminate/Database/Migrations/Migrator.php:700
/home/coder/project/vendor/laravel/framework/src/Illuminate/Database/Console/Migrations/MigrateCommand.php:140
/home/coder/project/vendor/laravel/framework/src/Illuminate/Support/helpers.php:248
/home/coder/project/vendor/laravel/framework/src/Illuminate/Database/Console/Migrations/MigrateCommand.php:159
/home/coder/project/vendor/laravel/framework/src/Illuminate/Database/Console/Migrations/MigrateCommand.php:116
/home/coder/project/vendor/laravel/framework/src/Illuminate/Database/Console/Migrations/MigrateCommand.php:84
/home/coder/project/vendor/laravel/framework/src/Illuminate/Database/Migrations/Migrator.php:633
/home/coder/project/vendor/laravel/framework/src/Illuminate/Database/Console/Migrations/MigrateCommand.php:104
/home/coder/project/vendor/laravel/framework/src/Illuminate/Container/BoundMethod.php:36
/home/coder/project/vendor/laravel/framework/src/Illuminate/Container/Util.php:41
/home/coder/project/vendor/laravel/framework/src/Illuminate/Container/BoundMethod.php:93
/home/coder/project/vendor/laravel/framework/src/Illuminate/Container/BoundMethod.php:37
/home/coder/project/vendor/laravel/framework/src/Illuminate/Container/Container.php:662
/home/coder/project/vendor/laravel/framework/src/Illuminate/Console/Command.php:211
/home/coder/project/vendor/symfony/console/Command/Command.php:326
/home/coder/project/vendor/laravel/framework/src/Illuminate/Console/Command.php:181
/home/coder/project/vendor/symfony/console/Application.php:1078
/home/coder/project/vendor/symfony/console/Application.php:324
/home/coder/project/vendor/symfony/console/Application.php:175
/home/coder/project/vendor/laravel/framework/src/Illuminate/Console/Application.php:163
/home/coder/project/vendor/laravel/framework/src/Illuminate/Foundation/Console/Kernel.php:400
/home/coder/project/vendor/laravel/framework/src/Illuminate/Testing/PendingCommand.php:297
/home/coder/project/vendor/laravel/framework/src/Illuminate/Testing/PendingCommand.php:484
/home/coder/project/vendor/laravel/framework/src/Illuminate/Foundation/Testing/Concerns/InteractsWithConsole.php:80
/home/coder/project/vendor/laravel/framework/src/Illuminate/Foundation/Testing/RefreshDatabase.php:47
/home/coder/project/vendor/laravel/framework/src/Illuminate/Foundation/Testing/RefreshDatabase.php:22
/home/coder/project/vendor/laravel/framework/src/Illuminate/Foundation/Testing/TestCase.php:128
/home/coder/project/vendor/laravel/framework/src/Illuminate/Foundation/Testing/TestCase.php:97</error>
        </testcase>
      </testsuite>
      <testsuite name="Tests\Feature\app\Http\Controllers\LoginControllerTest" file="/home/coder/project/tests/Feature/app/Http/Controllers/LoginControllerTest.php" tests="11" assertions="0" errors="11" warnings="0" failures="0" skipped="0" time="0.367440">
        <testcase name="test_locallogin_page_displays" class="Tests\Feature\app\Http\Controllers\LoginControllerTest" classname="Tests.Feature.app.Http.Controllers.LoginControllerTest" file="/home/coder/project/tests/Feature/app/Http/Controllers/LoginControllerTest.php" line="22" assertions="0" time="0.032131">
          <error type="Illuminate\Database\QueryException">Tests\Feature\app\Http\Controllers\LoginControllerTest::test_locallogin_page_displays
Illuminate\Database\QueryException: could not find driver (Connection: sqlite, SQL: PRAGMA foreign_keys = ON;)

/home/coder/project/vendor/laravel/framework/src/Illuminate/Database/Connection.php:822
/home/coder/project/vendor/laravel/framework/src/Illuminate/Database/Connection.php:776
/home/coder/project/vendor/laravel/framework/src/Illuminate/Database/Connection.php:581
/home/coder/project/vendor/laravel/framework/src/Illuminate/Database/Schema/Builder.php:511
/home/coder/project/vendor/laravel/framework/src/Illuminate/Database/SQLiteConnection.php:36
/home/coder/project/vendor/laravel/framework/src/Illuminate/Database/Connectors/ConnectionFactory.php:272
/home/coder/project/vendor/laravel/framework/src/Illuminate/Database/Connectors/ConnectionFactory.php:76
/home/coder/project/vendor/laravel/framework/src/Illuminate/Database/Connectors/ConnectionFactory.php:50
/home/coder/project/vendor/laravel/framework/src/Illuminate/Database/DatabaseManager.php:152
/home/coder/project/vendor/laravel/framework/src/Illuminate/Database/DatabaseManager.php:101
/home/coder/project/vendor/laravel/framework/src/Illuminate/Database/Migrations/DatabaseMigrationRepository.php:226
/home/coder/project/vendor/laravel/framework/src/Illuminate/Database/Migrations/DatabaseMigrationRepository.php:182
/home/coder/project/vendor/laravel/framework/src/Illuminate/Database/Migrations/Migrator.php:700
/home/coder/project/vendor/laravel/framework/src/Illuminate/Database/Console/Migrations/MigrateCommand.php:140
/home/coder/project/vendor/laravel/framework/src/Illuminate/Support/helpers.php:248
/home/coder/project/vendor/laravel/framework/src/Illuminate/Database/Console/Migrations/MigrateCommand.php:159
/home/coder/project/vendor/laravel/framework/src/Illuminate/Database/Console/Migrations/MigrateCommand.php:116
/home/coder/project/vendor/laravel/framework/src/Illuminate/Database/Console/Migrations/MigrateCommand.php:84
/home/coder/project/vendor/laravel/framework/src/Illuminate/Database/Migrations/Migrator.php:633
/home/coder/project/vendor/laravel/framework/src/Illuminate/Database/Console/Migrations/MigrateCommand.php:104
/home/coder/project/vendor/laravel/framework/src/Illuminate/Container/BoundMethod.php:36
/home/coder/project/vendor/laravel/framework/src/Illuminate/Container/Util.php:41
/home/coder/project/vendor/laravel/framework/src/Illuminate/Container/BoundMethod.php:93
/home/coder/project/vendor/laravel/framework/src/Illuminate/Container/BoundMethod.php:37
/home/coder/project/vendor/laravel/framework/src/Illuminate/Container/Container.php:662
/home/coder/project/vendor/laravel/framework/src/Illuminate/Console/Command.php:211
/home/coder/project/vendor/symfony/console/Command/Command.php:326
/home/coder/project/vendor/laravel/framework/src/Illuminate/Console/Command.php:181
/home/coder/project/vendor/symfony/console/Application.php:1078
/home/coder/project/vendor/symfony/console/Application.php:324
/home/coder/project/vendor/symfony/console/Application.php:175
/home/coder/project/vendor/laravel/framework/src/Illuminate/Console/Application.php:163
/home/coder/project/vendor/laravel/framework/src/Illuminate/Foundation/Console/Kernel.php:400
/home/coder/project/vendor/laravel/framework/src/Illuminate/Testing/PendingCommand.php:297
/home/coder/project/vendor/laravel/framework/src/Illuminate/Testing/PendingCommand.php:484
/home/coder/project/vendor/laravel/framework/src/Illuminate/Foundation/Testing/Concerns/InteractsWithConsole.php:80
/home/coder/project/vendor/laravel/framework/src/Illuminate/Foundation/Testing/RefreshDatabase.php:47
/home/coder/project/vendor/laravel/framework/src/Illuminate/Foundation/Testing/RefreshDatabase.php:22
/home/coder/project/vendor/laravel/framework/src/Illuminate/Foundation/Testing/TestCase.php:128
/home/coder/project/vendor/laravel/framework/src/Illuminate/Foundation/Testing/TestCase.php:97</error>
        </testcase>
        <testcase name="test_login_failure" class="Tests\Feature\app\Http\Controllers\LoginControllerTest" classname="Tests.Feature.app.Http.Controllers.LoginControllerTest" file="/home/coder/project/tests/Feature/app/Http/Controllers/LoginControllerTest.php" line="30" assertions="0" time="0.031968">
          <error type="Illuminate\Database\QueryException">Tests\Feature\app\Http\Controllers\LoginControllerTest::test_login_failure
Illuminate\Database\QueryException: could not find driver (Connection: sqlite, SQL: PRAGMA foreign_keys = ON;)

/home/coder/project/vendor/laravel/framework/src/Illuminate/Database/Connection.php:822
/home/coder/project/vendor/laravel/framework/src/Illuminate/Database/Connection.php:776
/home/coder/project/vendor/laravel/framework/src/Illuminate/Database/Connection.php:581
/home/coder/project/vendor/laravel/framework/src/Illuminate/Database/Schema/Builder.php:511
/home/coder/project/vendor/laravel/framework/src/Illuminate/Database/SQLiteConnection.php:36
/home/coder/project/vendor/laravel/framework/src/Illuminate/Database/Connectors/ConnectionFactory.php:272
/home/coder/project/vendor/laravel/framework/src/Illuminate/Database/Connectors/ConnectionFactory.php:76
/home/coder/project/vendor/laravel/framework/src/Illuminate/Database/Connectors/ConnectionFactory.php:50
/home/coder/project/vendor/laravel/framework/src/Illuminate/Database/DatabaseManager.php:152
/home/coder/project/vendor/laravel/framework/src/Illuminate/Database/DatabaseManager.php:101
/home/coder/project/vendor/laravel/framework/src/Illuminate/Database/Migrations/DatabaseMigrationRepository.php:226
/home/coder/project/vendor/laravel/framework/src/Illuminate/Database/Migrations/DatabaseMigrationRepository.php:182
/home/coder/project/vendor/laravel/framework/src/Illuminate/Database/Migrations/Migrator.php:700
/home/coder/project/vendor/laravel/framework/src/Illuminate/Database/Console/Migrations/MigrateCommand.php:140
/home/coder/project/vendor/laravel/framework/src/Illuminate/Support/helpers.php:248
/home/coder/project/vendor/laravel/framework/src/Illuminate/Database/Console/Migrations/MigrateCommand.php:159
/home/coder/project/vendor/laravel/framework/src/Illuminate/Database/Console/Migrations/MigrateCommand.php:116
/home/coder/project/vendor/laravel/framework/src/Illuminate/Database/Console/Migrations/MigrateCommand.php:84
/home/coder/project/vendor/laravel/framework/src/Illuminate/Database/Migrations/Migrator.php:633
/home/coder/project/vendor/laravel/framework/src/Illuminate/Database/Console/Migrations/MigrateCommand.php:104
/home/coder/project/vendor/laravel/framework/src/Illuminate/Container/BoundMethod.php:36
/home/coder/project/vendor/laravel/framework/src/Illuminate/Container/Util.php:41
/home/coder/project/vendor/laravel/framework/src/Illuminate/Container/BoundMethod.php:93
/home/coder/project/vendor/laravel/framework/src/Illuminate/Container/BoundMethod.php:37
/home/coder/project/vendor/laravel/framework/src/Illuminate/Container/Container.php:662
/home/coder/project/vendor/laravel/framework/src/Illuminate/Console/Command.php:211
/home/coder/project/vendor/symfony/console/Command/Command.php:326
/home/coder/project/vendor/laravel/framework/src/Illuminate/Console/Command.php:181
/home/coder/project/vendor/symfony/console/Application.php:1078
/home/coder/project/vendor/symfony/console/Application.php:324
/home/coder/project/vendor/symfony/console/Application.php:175
/home/coder/project/vendor/laravel/framework/src/Illuminate/Console/Application.php:163
/home/coder/project/vendor/laravel/framework/src/Illuminate/Foundation/Console/Kernel.php:400
/home/coder/project/vendor/laravel/framework/src/Illuminate/Testing/PendingCommand.php:297
/home/coder/project/vendor/laravel/framework/src/Illuminate/Testing/PendingCommand.php:484
/home/coder/project/vendor/laravel/framework/src/Illuminate/Foundation/Testing/Concerns/InteractsWithConsole.php:80
/home/coder/project/vendor/laravel/framework/src/Illuminate/Foundation/Testing/RefreshDatabase.php:47
/home/coder/project/vendor/laravel/framework/src/Illuminate/Foundation/Testing/RefreshDatabase.php:22
/home/coder/project/vendor/laravel/framework/src/Illuminate/Foundation/Testing/TestCase.php:128
/home/coder/project/vendor/laravel/framework/src/Illuminate/Foundation/Testing/TestCase.php:97</error>
        </testcase>
        <testcase name="test_login_success" class="Tests\Feature\app\Http\Controllers\LoginControllerTest" classname="Tests.Feature.app.Http.Controllers.LoginControllerTest" file="/home/coder/project/tests/Feature/app/Http/Controllers/LoginControllerTest.php" line="43" assertions="0" time="0.032684">
          <error type="Illuminate\Database\QueryException">Tests\Feature\app\Http\Controllers\LoginControllerTest::test_login_success
Illuminate\Database\QueryException: could not find driver (Connection: sqlite, SQL: PRAGMA foreign_keys = ON;)

/home/coder/project/vendor/laravel/framework/src/Illuminate/Database/Connection.php:822
/home/coder/project/vendor/laravel/framework/src/Illuminate/Database/Connection.php:776
/home/coder/project/vendor/laravel/framework/src/Illuminate/Database/Connection.php:581
/home/coder/project/vendor/laravel/framework/src/Illuminate/Database/Schema/Builder.php:511
/home/coder/project/vendor/laravel/framework/src/Illuminate/Database/SQLiteConnection.php:36
/home/coder/project/vendor/laravel/framework/src/Illuminate/Database/Connectors/ConnectionFactory.php:272
/home/coder/project/vendor/laravel/framework/src/Illuminate/Database/Connectors/ConnectionFactory.php:76
/home/coder/project/vendor/laravel/framework/src/Illuminate/Database/Connectors/ConnectionFactory.php:50
/home/coder/project/vendor/laravel/framework/src/Illuminate/Database/DatabaseManager.php:152
/home/coder/project/vendor/laravel/framework/src/Illuminate/Database/DatabaseManager.php:101
/home/coder/project/vendor/laravel/framework/src/Illuminate/Database/Migrations/DatabaseMigrationRepository.php:226
/home/coder/project/vendor/laravel/framework/src/Illuminate/Database/Migrations/DatabaseMigrationRepository.php:182
/home/coder/project/vendor/laravel/framework/src/Illuminate/Database/Migrations/Migrator.php:700
/home/coder/project/vendor/laravel/framework/src/Illuminate/Database/Console/Migrations/MigrateCommand.php:140
/home/coder/project/vendor/laravel/framework/src/Illuminate/Support/helpers.php:248
/home/coder/project/vendor/laravel/framework/src/Illuminate/Database/Console/Migrations/MigrateCommand.php:159
/home/coder/project/vendor/laravel/framework/src/Illuminate/Database/Console/Migrations/MigrateCommand.php:116
/home/coder/project/vendor/laravel/framework/src/Illuminate/Database/Console/Migrations/MigrateCommand.php:84
/home/coder/project/vendor/laravel/framework/src/Illuminate/Database/Migrations/Migrator.php:633
/home/coder/project/vendor/laravel/framework/src/Illuminate/Database/Console/Migrations/MigrateCommand.php:104
/home/coder/project/vendor/laravel/framework/src/Illuminate/Container/BoundMethod.php:36
/home/coder/project/vendor/laravel/framework/src/Illuminate/Container/Util.php:41
/home/coder/project/vendor/laravel/framework/src/Illuminate/Container/BoundMethod.php:93
/home/coder/project/vendor/laravel/framework/src/Illuminate/Container/BoundMethod.php:37
/home/coder/project/vendor/laravel/framework/src/Illuminate/Container/Container.php:662
/home/coder/project/vendor/laravel/framework/src/Illuminate/Console/Command.php:211
/home/coder/project/vendor/symfony/console/Command/Command.php:326
/home/coder/project/vendor/laravel/framework/src/Illuminate/Console/Command.php:181
/home/coder/project/vendor/symfony/console/Application.php:1078
/home/coder/project/vendor/symfony/console/Application.php:324
/home/coder/project/vendor/symfony/console/Application.php:175
/home/coder/project/vendor/laravel/framework/src/Illuminate/Console/Application.php:163
/home/coder/project/vendor/laravel/framework/src/Illuminate/Foundation/Console/Kernel.php:400
/home/coder/project/vendor/laravel/framework/src/Illuminate/Testing/PendingCommand.php:297
/home/coder/project/vendor/laravel/framework/src/Illuminate/Testing/PendingCommand.php:484
/home/coder/project/vendor/laravel/framework/src/Illuminate/Foundation/Testing/Concerns/InteractsWithConsole.php:80
/home/coder/project/vendor/laravel/framework/src/Illuminate/Foundation/Testing/RefreshDatabase.php:47
/home/coder/project/vendor/laravel/framework/src/Illuminate/Foundation/Testing/RefreshDatabase.php:22
/home/coder/project/vendor/laravel/framework/src/Illuminate/Foundation/Testing/TestCase.php:128
/home/coder/project/vendor/laravel/framework/src/Illuminate/Foundation/Testing/TestCase.php:97</error>
        </testcase>
        <testcase name="testShowPasswordResetRequestPage" class="Tests\Feature\app\Http\Controllers\LoginControllerTest" classname="Tests.Feature.app.Http.Controllers.LoginControllerTest" file="/home/coder/project/tests/Feature/app/Http/Controllers/LoginControllerTest.php" line="64" assertions="0" time="0.039229">
          <error type="Illuminate\Database\QueryException">Tests\Feature\app\Http\Controllers\LoginControllerTest::testShowPasswordResetRequestPage
Illuminate\Database\QueryException: could not find driver (Connection: sqlite, SQL: PRAGMA foreign_keys = ON;)

/home/coder/project/vendor/laravel/framework/src/Illuminate/Database/Connection.php:822
/home/coder/project/vendor/laravel/framework/src/Illuminate/Database/Connection.php:776
/home/coder/project/vendor/laravel/framework/src/Illuminate/Database/Connection.php:581
/home/coder/project/vendor/laravel/framework/src/Illuminate/Database/Schema/Builder.php:511
/home/coder/project/vendor/laravel/framework/src/Illuminate/Database/SQLiteConnection.php:36
/home/coder/project/vendor/laravel/framework/src/Illuminate/Database/Connectors/ConnectionFactory.php:272
/home/coder/project/vendor/laravel/framework/src/Illuminate/Database/Connectors/ConnectionFactory.php:76
/home/coder/project/vendor/laravel/framework/src/Illuminate/Database/Connectors/ConnectionFactory.php:50
/home/coder/project/vendor/laravel/framework/src/Illuminate/Database/DatabaseManager.php:152
/home/coder/project/vendor/laravel/framework/src/Illuminate/Database/DatabaseManager.php:101
/home/coder/project/vendor/laravel/framework/src/Illuminate/Database/Migrations/DatabaseMigrationRepository.php:226
/home/coder/project/vendor/laravel/framework/src/Illuminate/Database/Migrations/DatabaseMigrationRepository.php:182
/home/coder/project/vendor/laravel/framework/src/Illuminate/Database/Migrations/Migrator.php:700
/home/coder/project/vendor/laravel/framework/src/Illuminate/Database/Console/Migrations/MigrateCommand.php:140
/home/coder/project/vendor/laravel/framework/src/Illuminate/Support/helpers.php:248
/home/coder/project/vendor/laravel/framework/src/Illuminate/Database/Console/Migrations/MigrateCommand.php:159
/home/coder/project/vendor/laravel/framework/src/Illuminate/Database/Console/Migrations/MigrateCommand.php:116
/home/coder/project/vendor/laravel/framework/src/Illuminate/Database/Console/Migrations/MigrateCommand.php:84
/home/coder/project/vendor/laravel/framework/src/Illuminate/Database/Migrations/Migrator.php:633
/home/coder/project/vendor/laravel/framework/src/Illuminate/Database/Console/Migrations/MigrateCommand.php:104
/home/coder/project/vendor/laravel/framework/src/Illuminate/Container/BoundMethod.php:36
/home/coder/project/vendor/laravel/framework/src/Illuminate/Container/Util.php:41
/home/coder/project/vendor/laravel/framework/src/Illuminate/Container/BoundMethod.php:93
/home/coder/project/vendor/laravel/framework/src/Illuminate/Container/BoundMethod.php:37
/home/coder/project/vendor/laravel/framework/src/Illuminate/Container/Container.php:662
/home/coder/project/vendor/laravel/framework/src/Illuminate/Console/Command.php:211
/home/coder/project/vendor/symfony/console/Command/Command.php:326
/home/coder/project/vendor/laravel/framework/src/Illuminate/Console/Command.php:181
/home/coder/project/vendor/symfony/console/Application.php:1078
/home/coder/project/vendor/symfony/console/Application.php:324
/home/coder/project/vendor/symfony/console/Application.php:175
/home/coder/project/vendor/laravel/framework/src/Illuminate/Console/Application.php:163
/home/coder/project/vendor/laravel/framework/src/Illuminate/Foundation/Console/Kernel.php:400
/home/coder/project/vendor/laravel/framework/src/Illuminate/Testing/PendingCommand.php:297
/home/coder/project/vendor/laravel/framework/src/Illuminate/Testing/PendingCommand.php:484
/home/coder/project/vendor/laravel/framework/src/Illuminate/Foundation/Testing/Concerns/InteractsWithConsole.php:80
/home/coder/project/vendor/laravel/framework/src/Illuminate/Foundation/Testing/RefreshDatabase.php:47
/home/coder/project/vendor/laravel/framework/src/Illuminate/Foundation/Testing/RefreshDatabase.php:22
/home/coder/project/vendor/laravel/framework/src/Illuminate/Foundation/Testing/TestCase.php:128
/home/coder/project/vendor/laravel/framework/src/Illuminate/Foundation/Testing/TestCase.php:97</error>
        </testcase>
        <testcase name="test_reset_notification_send_success_for_valid_email" class="Tests\Feature\app\Http\Controllers\LoginControllerTest" classname="Tests.Feature.app.Http.Controllers.LoginControllerTest" file="/home/coder/project/tests/Feature/app/Http/Controllers/LoginControllerTest.php" line="74" assertions="0" time="0.031997">
          <error type="Illuminate\Database\QueryException">Tests\Feature\app\Http\Controllers\LoginControllerTest::test_reset_notification_send_success_for_valid_email
Illuminate\Database\QueryException: could not find driver (Connection: sqlite, SQL: PRAGMA foreign_keys = ON;)

/home/coder/project/vendor/laravel/framework/src/Illuminate/Database/Connection.php:822
/home/coder/project/vendor/laravel/framework/src/Illuminate/Database/Connection.php:776
/home/coder/project/vendor/laravel/framework/src/Illuminate/Database/Connection.php:581
/home/coder/project/vendor/laravel/framework/src/Illuminate/Database/Schema/Builder.php:511
/home/coder/project/vendor/laravel/framework/src/Illuminate/Database/SQLiteConnection.php:36
/home/coder/project/vendor/laravel/framework/src/Illuminate/Database/Connectors/ConnectionFactory.php:272
/home/coder/project/vendor/laravel/framework/src/Illuminate/Database/Connectors/ConnectionFactory.php:76
/home/coder/project/vendor/laravel/framework/src/Illuminate/Database/Connectors/ConnectionFactory.php:50
/home/coder/project/vendor/laravel/framework/src/Illuminate/Database/DatabaseManager.php:152
/home/coder/project/vendor/laravel/framework/src/Illuminate/Database/DatabaseManager.php:101
/home/coder/project/vendor/laravel/framework/src/Illuminate/Database/Migrations/DatabaseMigrationRepository.php:226
/home/coder/project/vendor/laravel/framework/src/Illuminate/Database/Migrations/DatabaseMigrationRepository.php:182
/home/coder/project/vendor/laravel/framework/src/Illuminate/Database/Migrations/Migrator.php:700
/home/coder/project/vendor/laravel/framework/src/Illuminate/Database/Console/Migrations/MigrateCommand.php:140
/home/coder/project/vendor/laravel/framework/src/Illuminate/Support/helpers.php:248
/home/coder/project/vendor/laravel/framework/src/Illuminate/Database/Console/Migrations/MigrateCommand.php:159
/home/coder/project/vendor/laravel/framework/src/Illuminate/Database/Console/Migrations/MigrateCommand.php:116
/home/coder/project/vendor/laravel/framework/src/Illuminate/Database/Console/Migrations/MigrateCommand.php:84
/home/coder/project/vendor/laravel/framework/src/Illuminate/Database/Migrations/Migrator.php:633
/home/coder/project/vendor/laravel/framework/src/Illuminate/Database/Console/Migrations/MigrateCommand.php:104
/home/coder/project/vendor/laravel/framework/src/Illuminate/Container/BoundMethod.php:36
/home/coder/project/vendor/laravel/framework/src/Illuminate/Container/Util.php:41
/home/coder/project/vendor/laravel/framework/src/Illuminate/Container/BoundMethod.php:93
/home/coder/project/vendor/laravel/framework/src/Illuminate/Container/BoundMethod.php:37
/home/coder/project/vendor/laravel/framework/src/Illuminate/Container/Container.php:662
/home/coder/project/vendor/laravel/framework/src/Illuminate/Console/Command.php:211
/home/coder/project/vendor/symfony/console/Command/Command.php:326
/home/coder/project/vendor/laravel/framework/src/Illuminate/Console/Command.php:181
/home/coder/project/vendor/symfony/console/Application.php:1078
/home/coder/project/vendor/symfony/console/Application.php:324
/home/coder/project/vendor/symfony/console/Application.php:175
/home/coder/project/vendor/laravel/framework/src/Illuminate/Console/Application.php:163
/home/coder/project/vendor/laravel/framework/src/Illuminate/Foundation/Console/Kernel.php:400
/home/coder/project/vendor/laravel/framework/src/Illuminate/Testing/PendingCommand.php:297
/home/coder/project/vendor/laravel/framework/src/Illuminate/Testing/PendingCommand.php:484
/home/coder/project/vendor/laravel/framework/src/Illuminate/Foundation/Testing/Concerns/InteractsWithConsole.php:80
/home/coder/project/vendor/laravel/framework/src/Illuminate/Foundation/Testing/RefreshDatabase.php:47
/home/coder/project/vendor/laravel/framework/src/Illuminate/Foundation/Testing/RefreshDatabase.php:22
/home/coder/project/vendor/laravel/framework/src/Illuminate/Foundation/Testing/TestCase.php:128
/home/coder/project/vendor/laravel/framework/src/Illuminate/Foundation/Testing/TestCase.php:97</error>
        </testcase>
        <testcase name="test_reset_notification_send_fails_for_invalid_email" class="Tests\Feature\app\Http\Controllers\LoginControllerTest" classname="Tests.Feature.app.Http.Controllers.LoginControllerTest" file="/home/coder/project/tests/Feature/app/Http/Controllers/LoginControllerTest.php" line="91" assertions="0" time="0.031814">
          <error type="Illuminate\Database\QueryException">Tests\Feature\app\Http\Controllers\LoginControllerTest::test_reset_notification_send_fails_for_invalid_email
Illuminate\Database\QueryException: could not find driver (Connection: sqlite, SQL: PRAGMA foreign_keys = ON;)

/home/coder/project/vendor/laravel/framework/src/Illuminate/Database/Connection.php:822
/home/coder/project/vendor/laravel/framework/src/Illuminate/Database/Connection.php:776
/home/coder/project/vendor/laravel/framework/src/Illuminate/Database/Connection.php:581
/home/coder/project/vendor/laravel/framework/src/Illuminate/Database/Schema/Builder.php:511
/home/coder/project/vendor/laravel/framework/src/Illuminate/Database/SQLiteConnection.php:36
/home/coder/project/vendor/laravel/framework/src/Illuminate/Database/Connectors/ConnectionFactory.php:272
/home/coder/project/vendor/laravel/framework/src/Illuminate/Database/Connectors/ConnectionFactory.php:76
/home/coder/project/vendor/laravel/framework/src/Illuminate/Database/Connectors/ConnectionFactory.php:50
/home/coder/project/vendor/laravel/framework/src/Illuminate/Database/DatabaseManager.php:152
/home/coder/project/vendor/laravel/framework/src/Illuminate/Database/DatabaseManager.php:101
/home/coder/project/vendor/laravel/framework/src/Illuminate/Database/Migrations/DatabaseMigrationRepository.php:226
/home/coder/project/vendor/laravel/framework/src/Illuminate/Database/Migrations/DatabaseMigrationRepository.php:182
/home/coder/project/vendor/laravel/framework/src/Illuminate/Database/Migrations/Migrator.php:700
/home/coder/project/vendor/laravel/framework/src/Illuminate/Database/Console/Migrations/MigrateCommand.php:140
/home/coder/project/vendor/laravel/framework/src/Illuminate/Support/helpers.php:248
/home/coder/project/vendor/laravel/framework/src/Illuminate/Database/Console/Migrations/MigrateCommand.php:159
/home/coder/project/vendor/laravel/framework/src/Illuminate/Database/Console/Migrations/MigrateCommand.php:116
/home/coder/project/vendor/laravel/framework/src/Illuminate/Database/Console/Migrations/MigrateCommand.php:84
/home/coder/project/vendor/laravel/framework/src/Illuminate/Database/Migrations/Migrator.php:633
/home/coder/project/vendor/laravel/framework/src/Illuminate/Database/Console/Migrations/MigrateCommand.php:104
/home/coder/project/vendor/laravel/framework/src/Illuminate/Container/BoundMethod.php:36
/home/coder/project/vendor/laravel/framework/src/Illuminate/Container/Util.php:41
/home/coder/project/vendor/laravel/framework/src/Illuminate/Container/BoundMethod.php:93
/home/coder/project/vendor/laravel/framework/src/Illuminate/Container/BoundMethod.php:37
/home/coder/project/vendor/laravel/framework/src/Illuminate/Container/Container.php:662
/home/coder/project/vendor/laravel/framework/src/Illuminate/Console/Command.php:211
/home/coder/project/vendor/symfony/console/Command/Command.php:326
/home/coder/project/vendor/laravel/framework/src/Illuminate/Console/Command.php:181
/home/coder/project/vendor/symfony/console/Application.php:1078
/home/coder/project/vendor/symfony/console/Application.php:324
/home/coder/project/vendor/symfony/console/Application.php:175
/home/coder/project/vendor/laravel/framework/src/Illuminate/Console/Application.php:163
/home/coder/project/vendor/laravel/framework/src/Illuminate/Foundation/Console/Kernel.php:400
/home/coder/project/vendor/laravel/framework/src/Illuminate/Testing/PendingCommand.php:297
/home/coder/project/vendor/laravel/framework/src/Illuminate/Testing/PendingCommand.php:484
/home/coder/project/vendor/laravel/framework/src/Illuminate/Foundation/Testing/Concerns/InteractsWithConsole.php:80
/home/coder/project/vendor/laravel/framework/src/Illuminate/Foundation/Testing/RefreshDatabase.php:47
/home/coder/project/vendor/laravel/framework/src/Illuminate/Foundation/Testing/RefreshDatabase.php:22
/home/coder/project/vendor/laravel/framework/src/Illuminate/Foundation/Testing/TestCase.php:128
/home/coder/project/vendor/laravel/framework/src/Illuminate/Foundation/Testing/TestCase.php:97</error>
        </testcase>
        <testcase name="testShowPasswordResetPageSucceedsWithValidUserAndToken" class="Tests\Feature\app\Http\Controllers\LoginControllerTest" classname="Tests.Feature.app.Http.Controllers.LoginControllerTest" file="/home/coder/project/tests/Feature/app/Http/Controllers/LoginControllerTest.php" line="107" assertions="0" time="0.031833">
          <error type="Illuminate\Database\QueryException">Tests\Feature\app\Http\Controllers\LoginControllerTest::testShowPasswordResetPageSucceedsWithValidUserAndToken
Illuminate\Database\QueryException: could not find driver (Connection: sqlite, SQL: PRAGMA foreign_keys = ON;)

/home/coder/project/vendor/laravel/framework/src/Illuminate/Database/Connection.php:822
/home/coder/project/vendor/laravel/framework/src/Illuminate/Database/Connection.php:776
/home/coder/project/vendor/laravel/framework/src/Illuminate/Database/Connection.php:581
/home/coder/project/vendor/laravel/framework/src/Illuminate/Database/Schema/Builder.php:511
/home/coder/project/vendor/laravel/framework/src/Illuminate/Database/SQLiteConnection.php:36
/home/coder/project/vendor/laravel/framework/src/Illuminate/Database/Connectors/ConnectionFactory.php:272
/home/coder/project/vendor/laravel/framework/src/Illuminate/Database/Connectors/ConnectionFactory.php:76
/home/coder/project/vendor/laravel/framework/src/Illuminate/Database/Connectors/ConnectionFactory.php:50
/home/coder/project/vendor/laravel/framework/src/Illuminate/Database/DatabaseManager.php:152
/home/coder/project/vendor/laravel/framework/src/Illuminate/Database/DatabaseManager.php:101
/home/coder/project/vendor/laravel/framework/src/Illuminate/Database/Migrations/DatabaseMigrationRepository.php:226
/home/coder/project/vendor/laravel/framework/src/Illuminate/Database/Migrations/DatabaseMigrationRepository.php:182
/home/coder/project/vendor/laravel/framework/src/Illuminate/Database/Migrations/Migrator.php:700
/home/coder/project/vendor/laravel/framework/src/Illuminate/Database/Console/Migrations/MigrateCommand.php:140
/home/coder/project/vendor/laravel/framework/src/Illuminate/Support/helpers.php:248
/home/coder/project/vendor/laravel/framework/src/Illuminate/Database/Console/Migrations/MigrateCommand.php:159
/home/coder/project/vendor/laravel/framework/src/Illuminate/Database/Console/Migrations/MigrateCommand.php:116
/home/coder/project/vendor/laravel/framework/src/Illuminate/Database/Console/Migrations/MigrateCommand.php:84
/home/coder/project/vendor/laravel/framework/src/Illuminate/Database/Migrations/Migrator.php:633
/home/coder/project/vendor/laravel/framework/src/Illuminate/Database/Console/Migrations/MigrateCommand.php:104
/home/coder/project/vendor/laravel/framework/src/Illuminate/Container/BoundMethod.php:36
/home/coder/project/vendor/laravel/framework/src/Illuminate/Container/Util.php:41
/home/coder/project/vendor/laravel/framework/src/Illuminate/Container/BoundMethod.php:93
/home/coder/project/vendor/laravel/framework/src/Illuminate/Container/BoundMethod.php:37
/home/coder/project/vendor/laravel/framework/src/Illuminate/Container/Container.php:662
/home/coder/project/vendor/laravel/framework/src/Illuminate/Console/Command.php:211
/home/coder/project/vendor/symfony/console/Command/Command.php:326
/home/coder/project/vendor/laravel/framework/src/Illuminate/Console/Command.php:181
/home/coder/project/vendor/symfony/console/Application.php:1078
/home/coder/project/vendor/symfony/console/Application.php:324
/home/coder/project/vendor/symfony/console/Application.php:175
/home/coder/project/vendor/laravel/framework/src/Illuminate/Console/Application.php:163
/home/coder/project/vendor/laravel/framework/src/Illuminate/Foundation/Console/Kernel.php:400
/home/coder/project/vendor/laravel/framework/src/Illuminate/Testing/PendingCommand.php:297
/home/coder/project/vendor/laravel/framework/src/Illuminate/Testing/PendingCommand.php:484
/home/coder/project/vendor/laravel/framework/src/Illuminate/Foundation/Testing/Concerns/InteractsWithConsole.php:80
/home/coder/project/vendor/laravel/framework/src/Illuminate/Foundation/Testing/RefreshDatabase.php:47
/home/coder/project/vendor/laravel/framework/src/Illuminate/Foundation/Testing/RefreshDatabase.php:22
/home/coder/project/vendor/laravel/framework/src/Illuminate/Foundation/Testing/TestCase.php:128
/home/coder/project/vendor/laravel/framework/src/Illuminate/Foundation/Testing/TestCase.php:97</error>
        </testcase>
        <testcase name="testShowPasswordResetPageSucceedsAlsoWithInvalidToken" class="Tests\Feature\app\Http\Controllers\LoginControllerTest" classname="Tests.Feature.app.Http.Controllers.LoginControllerTest" file="/home/coder/project/tests/Feature/app/Http/Controllers/LoginControllerTest.php" line="126" assertions="0" time="0.039594">
          <error type="Illuminate\Database\QueryException">Tests\Feature\app\Http\Controllers\LoginControllerTest::testShowPasswordResetPageSucceedsAlsoWithInvalidToken
Illuminate\Database\QueryException: could not find driver (Connection: sqlite, SQL: PRAGMA foreign_keys = ON;)

/home/coder/project/vendor/laravel/framework/src/Illuminate/Database/Connection.php:822
/home/coder/project/vendor/laravel/framework/src/Illuminate/Database/Connection.php:776
/home/coder/project/vendor/laravel/framework/src/Illuminate/Database/Connection.php:581
/home/coder/project/vendor/laravel/framework/src/Illuminate/Database/Schema/Builder.php:511
/home/coder/project/vendor/laravel/framework/src/Illuminate/Database/SQLiteConnection.php:36
/home/coder/project/vendor/laravel/framework/src/Illuminate/Database/Connectors/ConnectionFactory.php:272
/home/coder/project/vendor/laravel/framework/src/Illuminate/Database/Connectors/ConnectionFactory.php:76
/home/coder/project/vendor/laravel/framework/src/Illuminate/Database/Connectors/ConnectionFactory.php:50
/home/coder/project/vendor/laravel/framework/src/Illuminate/Database/DatabaseManager.php:152
/home/coder/project/vendor/laravel/framework/src/Illuminate/Database/DatabaseManager.php:101
/home/coder/project/vendor/laravel/framework/src/Illuminate/Database/Migrations/DatabaseMigrationRepository.php:226
/home/coder/project/vendor/laravel/framework/src/Illuminate/Database/Migrations/DatabaseMigrationRepository.php:182
/home/coder/project/vendor/laravel/framework/src/Illuminate/Database/Migrations/Migrator.php:700
/home/coder/project/vendor/laravel/framework/src/Illuminate/Database/Console/Migrations/MigrateCommand.php:140
/home/coder/project/vendor/laravel/framework/src/Illuminate/Support/helpers.php:248
/home/coder/project/vendor/laravel/framework/src/Illuminate/Database/Console/Migrations/MigrateCommand.php:159
/home/coder/project/vendor/laravel/framework/src/Illuminate/Database/Console/Migrations/MigrateCommand.php:116
/home/coder/project/vendor/laravel/framework/src/Illuminate/Database/Console/Migrations/MigrateCommand.php:84
/home/coder/project/vendor/laravel/framework/src/Illuminate/Database/Migrations/Migrator.php:633
/home/coder/project/vendor/laravel/framework/src/Illuminate/Database/Console/Migrations/MigrateCommand.php:104
/home/coder/project/vendor/laravel/framework/src/Illuminate/Container/BoundMethod.php:36
/home/coder/project/vendor/laravel/framework/src/Illuminate/Container/Util.php:41
/home/coder/project/vendor/laravel/framework/src/Illuminate/Container/BoundMethod.php:93
/home/coder/project/vendor/laravel/framework/src/Illuminate/Container/BoundMethod.php:37
/home/coder/project/vendor/laravel/framework/src/Illuminate/Container/Container.php:662
/home/coder/project/vendor/laravel/framework/src/Illuminate/Console/Command.php:211
/home/coder/project/vendor/symfony/console/Command/Command.php:326
/home/coder/project/vendor/laravel/framework/src/Illuminate/Console/Command.php:181
/home/coder/project/vendor/symfony/console/Application.php:1078
/home/coder/project/vendor/symfony/console/Application.php:324
/home/coder/project/vendor/symfony/console/Application.php:175
/home/coder/project/vendor/laravel/framework/src/Illuminate/Console/Application.php:163
/home/coder/project/vendor/laravel/framework/src/Illuminate/Foundation/Console/Kernel.php:400
/home/coder/project/vendor/laravel/framework/src/Illuminate/Testing/PendingCommand.php:297
/home/coder/project/vendor/laravel/framework/src/Illuminate/Testing/PendingCommand.php:484
/home/coder/project/vendor/laravel/framework/src/Illuminate/Foundation/Testing/Concerns/InteractsWithConsole.php:80
/home/coder/project/vendor/laravel/framework/src/Illuminate/Foundation/Testing/RefreshDatabase.php:47
/home/coder/project/vendor/laravel/framework/src/Illuminate/Foundation/Testing/RefreshDatabase.php:22
/home/coder/project/vendor/laravel/framework/src/Illuminate/Foundation/Testing/TestCase.php:128
/home/coder/project/vendor/laravel/framework/src/Illuminate/Foundation/Testing/TestCase.php:97</error>
        </testcase>
        <testcase name="testShowPasswordResetPageSucceedsAlsoWithInvalidEmail" class="Tests\Feature\app\Http\Controllers\LoginControllerTest" classname="Tests.Feature.app.Http.Controllers.LoginControllerTest" file="/home/coder/project/tests/Feature/app/Http/Controllers/LoginControllerTest.php" line="142" assertions="0" time="0.032679">
          <error type="Illuminate\Database\QueryException">Tests\Feature\app\Http\Controllers\LoginControllerTest::testShowPasswordResetPageSucceedsAlsoWithInvalidEmail
Illuminate\Database\QueryException: could not find driver (Connection: sqlite, SQL: PRAGMA foreign_keys = ON;)

/home/coder/project/vendor/laravel/framework/src/Illuminate/Database/Connection.php:822
/home/coder/project/vendor/laravel/framework/src/Illuminate/Database/Connection.php:776
/home/coder/project/vendor/laravel/framework/src/Illuminate/Database/Connection.php:581
/home/coder/project/vendor/laravel/framework/src/Illuminate/Database/Schema/Builder.php:511
/home/coder/project/vendor/laravel/framework/src/Illuminate/Database/SQLiteConnection.php:36
/home/coder/project/vendor/laravel/framework/src/Illuminate/Database/Connectors/ConnectionFactory.php:272
/home/coder/project/vendor/laravel/framework/src/Illuminate/Database/Connectors/ConnectionFactory.php:76
/home/coder/project/vendor/laravel/framework/src/Illuminate/Database/Connectors/ConnectionFactory.php:50
/home/coder/project/vendor/laravel/framework/src/Illuminate/Database/DatabaseManager.php:152
/home/coder/project/vendor/laravel/framework/src/Illuminate/Database/DatabaseManager.php:101
/home/coder/project/vendor/laravel/framework/src/Illuminate/Database/Migrations/DatabaseMigrationRepository.php:226
/home/coder/project/vendor/laravel/framework/src/Illuminate/Database/Migrations/DatabaseMigrationRepository.php:182
/home/coder/project/vendor/laravel/framework/src/Illuminate/Database/Migrations/Migrator.php:700
/home/coder/project/vendor/laravel/framework/src/Illuminate/Database/Console/Migrations/MigrateCommand.php:140
/home/coder/project/vendor/laravel/framework/src/Illuminate/Support/helpers.php:248
/home/coder/project/vendor/laravel/framework/src/Illuminate/Database/Console/Migrations/MigrateCommand.php:159
/home/coder/project/vendor/laravel/framework/src/Illuminate/Database/Console/Migrations/MigrateCommand.php:116
/home/coder/project/vendor/laravel/framework/src/Illuminate/Database/Console/Migrations/MigrateCommand.php:84
/home/coder/project/vendor/laravel/framework/src/Illuminate/Database/Migrations/Migrator.php:633
/home/coder/project/vendor/laravel/framework/src/Illuminate/Database/Console/Migrations/MigrateCommand.php:104
/home/coder/project/vendor/laravel/framework/src/Illuminate/Container/BoundMethod.php:36
/home/coder/project/vendor/laravel/framework/src/Illuminate/Container/Util.php:41
/home/coder/project/vendor/laravel/framework/src/Illuminate/Container/BoundMethod.php:93
/home/coder/project/vendor/laravel/framework/src/Illuminate/Container/BoundMethod.php:37
/home/coder/project/vendor/laravel/framework/src/Illuminate/Container/Container.php:662
/home/coder/project/vendor/laravel/framework/src/Illuminate/Console/Command.php:211
/home/coder/project/vendor/symfony/console/Command/Command.php:326
/home/coder/project/vendor/laravel/framework/src/Illuminate/Console/Command.php:181
/home/coder/project/vendor/symfony/console/Application.php:1078
/home/coder/project/vendor/symfony/console/Application.php:324
/home/coder/project/vendor/symfony/console/Application.php:175
/home/coder/project/vendor/laravel/framework/src/Illuminate/Console/Application.php:163
/home/coder/project/vendor/laravel/framework/src/Illuminate/Foundation/Console/Kernel.php:400
/home/coder/project/vendor/laravel/framework/src/Illuminate/Testing/PendingCommand.php:297
/home/coder/project/vendor/laravel/framework/src/Illuminate/Testing/PendingCommand.php:484
/home/coder/project/vendor/laravel/framework/src/Illuminate/Foundation/Testing/Concerns/InteractsWithConsole.php:80
/home/coder/project/vendor/laravel/framework/src/Illuminate/Foundation/Testing/RefreshDatabase.php:47
/home/coder/project/vendor/laravel/framework/src/Illuminate/Foundation/Testing/RefreshDatabase.php:22
/home/coder/project/vendor/laravel/framework/src/Illuminate/Foundation/Testing/TestCase.php:128
/home/coder/project/vendor/laravel/framework/src/Illuminate/Foundation/Testing/TestCase.php:97</error>
        </testcase>
        <testcase name="test_change_pwd_fails_if_invalid_token" class="Tests\Feature\app\Http\Controllers\LoginControllerTest" classname="Tests.Feature.app.Http.Controllers.LoginControllerTest" file="/home/coder/project/tests/Feature/app/Http/Controllers/LoginControllerTest.php" line="155" assertions="0" time="0.031855">
          <error type="Illuminate\Database\QueryException">Tests\Feature\app\Http\Controllers\LoginControllerTest::test_change_pwd_fails_if_invalid_token
Illuminate\Database\QueryException: could not find driver (Connection: sqlite, SQL: PRAGMA foreign_keys = ON;)

/home/coder/project/vendor/laravel/framework/src/Illuminate/Database/Connection.php:822
/home/coder/project/vendor/laravel/framework/src/Illuminate/Database/Connection.php:776
/home/coder/project/vendor/laravel/framework/src/Illuminate/Database/Connection.php:581
/home/coder/project/vendor/laravel/framework/src/Illuminate/Database/Schema/Builder.php:511
/home/coder/project/vendor/laravel/framework/src/Illuminate/Database/SQLiteConnection.php:36
/home/coder/project/vendor/laravel/framework/src/Illuminate/Database/Connectors/ConnectionFactory.php:272
/home/coder/project/vendor/laravel/framework/src/Illuminate/Database/Connectors/ConnectionFactory.php:76
/home/coder/project/vendor/laravel/framework/src/Illuminate/Database/Connectors/ConnectionFactory.php:50
/home/coder/project/vendor/laravel/framework/src/Illuminate/Database/DatabaseManager.php:152
/home/coder/project/vendor/laravel/framework/src/Illuminate/Database/DatabaseManager.php:101
/home/coder/project/vendor/laravel/framework/src/Illuminate/Database/Migrations/DatabaseMigrationRepository.php:226
/home/coder/project/vendor/laravel/framework/src/Illuminate/Database/Migrations/DatabaseMigrationRepository.php:182
/home/coder/project/vendor/laravel/framework/src/Illuminate/Database/Migrations/Migrator.php:700
/home/coder/project/vendor/laravel/framework/src/Illuminate/Database/Console/Migrations/MigrateCommand.php:140
/home/coder/project/vendor/laravel/framework/src/Illuminate/Support/helpers.php:248
/home/coder/project/vendor/laravel/framework/src/Illuminate/Database/Console/Migrations/MigrateCommand.php:159
/home/coder/project/vendor/laravel/framework/src/Illuminate/Database/Console/Migrations/MigrateCommand.php:116
/home/coder/project/vendor/laravel/framework/src/Illuminate/Database/Console/Migrations/MigrateCommand.php:84
/home/coder/project/vendor/laravel/framework/src/Illuminate/Database/Migrations/Migrator.php:633
/home/coder/project/vendor/laravel/framework/src/Illuminate/Database/Console/Migrations/MigrateCommand.php:104
/home/coder/project/vendor/laravel/framework/src/Illuminate/Container/BoundMethod.php:36
/home/coder/project/vendor/laravel/framework/src/Illuminate/Container/Util.php:41
/home/coder/project/vendor/laravel/framework/src/Illuminate/Container/BoundMethod.php:93
/home/coder/project/vendor/laravel/framework/src/Illuminate/Container/BoundMethod.php:37
/home/coder/project/vendor/laravel/framework/src/Illuminate/Container/Container.php:662
/home/coder/project/vendor/laravel/framework/src/Illuminate/Console/Command.php:211
/home/coder/project/vendor/symfony/console/Command/Command.php:326
/home/coder/project/vendor/laravel/framework/src/Illuminate/Console/Command.php:181
/home/coder/project/vendor/symfony/console/Application.php:1078
/home/coder/project/vendor/symfony/console/Application.php:324
/home/coder/project/vendor/symfony/console/Application.php:175
/home/coder/project/vendor/laravel/framework/src/Illuminate/Console/Application.php:163
/home/coder/project/vendor/laravel/framework/src/Illuminate/Foundation/Console/Kernel.php:400
/home/coder/project/vendor/laravel/framework/src/Illuminate/Testing/PendingCommand.php:297
/home/coder/project/vendor/laravel/framework/src/Illuminate/Testing/PendingCommand.php:484
/home/coder/project/vendor/laravel/framework/src/Illuminate/Foundation/Testing/Concerns/InteractsWithConsole.php:80
/home/coder/project/vendor/laravel/framework/src/Illuminate/Foundation/Testing/RefreshDatabase.php:47
/home/coder/project/vendor/laravel/framework/src/Illuminate/Foundation/Testing/RefreshDatabase.php:22
/home/coder/project/vendor/laravel/framework/src/Illuminate/Foundation/Testing/TestCase.php:128
/home/coder/project/vendor/laravel/framework/src/Illuminate/Foundation/Testing/TestCase.php:97</error>
        </testcase>
        <testcase name="test_change_pwd_succeeds_if_valid_token_and_email" class="Tests\Feature\app\Http\Controllers\LoginControllerTest" classname="Tests.Feature.app.Http.Controllers.LoginControllerTest" file="/home/coder/project/tests/Feature/app/Http/Controllers/LoginControllerTest.php" line="177" assertions="0" time="0.031656">
          <error type="Illuminate\Database\QueryException">Tests\Feature\app\Http\Controllers\LoginControllerTest::test_change_pwd_succeeds_if_valid_token_and_email
Illuminate\Database\QueryException: could not find driver (Connection: sqlite, SQL: PRAGMA foreign_keys = ON;)

/home/coder/project/vendor/laravel/framework/src/Illuminate/Database/Connection.php:822
/home/coder/project/vendor/laravel/framework/src/Illuminate/Database/Connection.php:776
/home/coder/project/vendor/laravel/framework/src/Illuminate/Database/Connection.php:581
/home/coder/project/vendor/laravel/framework/src/Illuminate/Database/Schema/Builder.php:511
/home/coder/project/vendor/laravel/framework/src/Illuminate/Database/SQLiteConnection.php:36
/home/coder/project/vendor/laravel/framework/src/Illuminate/Database/Connectors/ConnectionFactory.php:272
/home/coder/project/vendor/laravel/framework/src/Illuminate/Database/Connectors/ConnectionFactory.php:76
/home/coder/project/vendor/laravel/framework/src/Illuminate/Database/Connectors/ConnectionFactory.php:50
/home/coder/project/vendor/laravel/framework/src/Illuminate/Database/DatabaseManager.php:152
/home/coder/project/vendor/laravel/framework/src/Illuminate/Database/DatabaseManager.php:101
/home/coder/project/vendor/laravel/framework/src/Illuminate/Database/Migrations/DatabaseMigrationRepository.php:226
/home/coder/project/vendor/laravel/framework/src/Illuminate/Database/Migrations/DatabaseMigrationRepository.php:182
/home/coder/project/vendor/laravel/framework/src/Illuminate/Database/Migrations/Migrator.php:700
/home/coder/project/vendor/laravel/framework/src/Illuminate/Database/Console/Migrations/MigrateCommand.php:140
/home/coder/project/vendor/laravel/framework/src/Illuminate/Support/helpers.php:248
/home/coder/project/vendor/laravel/framework/src/Illuminate/Database/Console/Migrations/MigrateCommand.php:159
/home/coder/project/vendor/laravel/framework/src/Illuminate/Database/Console/Migrations/MigrateCommand.php:116
/home/coder/project/vendor/laravel/framework/src/Illuminate/Database/Console/Migrations/MigrateCommand.php:84
/home/coder/project/vendor/laravel/framework/src/Illuminate/Database/Migrations/Migrator.php:633
/home/coder/project/vendor/laravel/framework/src/Illuminate/Database/Console/Migrations/MigrateCommand.php:104
/home/coder/project/vendor/laravel/framework/src/Illuminate/Container/BoundMethod.php:36
/home/coder/project/vendor/laravel/framework/src/Illuminate/Container/Util.php:41
/home/coder/project/vendor/laravel/framework/src/Illuminate/Container/BoundMethod.php:93
/home/coder/project/vendor/laravel/framework/src/Illuminate/Container/BoundMethod.php:37
/home/coder/project/vendor/laravel/framework/src/Illuminate/Container/Container.php:662
/home/coder/project/vendor/laravel/framework/src/Illuminate/Console/Command.php:211
/home/coder/project/vendor/symfony/console/Command/Command.php:326
/home/coder/project/vendor/laravel/framework/src/Illuminate/Console/Command.php:181
/home/coder/project/vendor/symfony/console/Application.php:1078
/home/coder/project/vendor/symfony/console/Application.php:324
/home/coder/project/vendor/symfony/console/Application.php:175
/home/coder/project/vendor/laravel/framework/src/Illuminate/Console/Application.php:163
/home/coder/project/vendor/laravel/framework/src/Illuminate/Foundation/Console/Kernel.php:400
/home/coder/project/vendor/laravel/framework/src/Illuminate/Testing/PendingCommand.php:297
/home/coder/project/vendor/laravel/framework/src/Illuminate/Testing/PendingCommand.php:484
/home/coder/project/vendor/laravel/framework/src/Illuminate/Foundation/Testing/Concerns/InteractsWithConsole.php:80
/home/coder/project/vendor/laravel/framework/src/Illuminate/Foundation/Testing/RefreshDatabase.php:47
/home/coder/project/vendor/laravel/framework/src/Illuminate/Foundation/Testing/RefreshDatabase.php:22
/home/coder/project/vendor/laravel/framework/src/Illuminate/Foundation/Testing/TestCase.php:128
/home/coder/project/vendor/laravel/framework/src/Illuminate/Foundation/Testing/TestCase.php:97</error>
        </testcase>
      </testsuite>
      <testsuite name="Tests\Feature\app\Http\Controllers\UsersControllerTest" file="/home/coder/project/tests/Feature/app/Http/Controllers/UsersControllerTest.php" tests="8" assertions="0" errors="8" warnings="0" failures="0" skipped="0" time="0.283727">
        <testcase name="test_user_index_redirect_when_not_logged_in" class="Tests\Feature\app\Http\Controllers\UsersControllerTest" classname="Tests.Feature.app.Http.Controllers.UsersControllerTest" file="/home/coder/project/tests/Feature/app/Http/Controllers/UsersControllerTest.php" line="23" assertions="0" time="0.033044">
          <error type="Illuminate\Database\QueryException">Tests\Feature\app\Http\Controllers\UsersControllerTest::test_user_index_redirect_when_not_logged_in
Illuminate\Database\QueryException: could not find driver (Connection: sqlite, SQL: PRAGMA foreign_keys = ON;)

/home/coder/project/vendor/laravel/framework/src/Illuminate/Database/Connection.php:822
/home/coder/project/vendor/laravel/framework/src/Illuminate/Database/Connection.php:776
/home/coder/project/vendor/laravel/framework/src/Illuminate/Database/Connection.php:581
/home/coder/project/vendor/laravel/framework/src/Illuminate/Database/Schema/Builder.php:511
/home/coder/project/vendor/laravel/framework/src/Illuminate/Database/SQLiteConnection.php:36
/home/coder/project/vendor/laravel/framework/src/Illuminate/Database/Connectors/ConnectionFactory.php:272
/home/coder/project/vendor/laravel/framework/src/Illuminate/Database/Connectors/ConnectionFactory.php:76
/home/coder/project/vendor/laravel/framework/src/Illuminate/Database/Connectors/ConnectionFactory.php:50
/home/coder/project/vendor/laravel/framework/src/Illuminate/Database/DatabaseManager.php:152
/home/coder/project/vendor/laravel/framework/src/Illuminate/Database/DatabaseManager.php:101
/home/coder/project/vendor/laravel/framework/src/Illuminate/Database/Migrations/DatabaseMigrationRepository.php:226
/home/coder/project/vendor/laravel/framework/src/Illuminate/Database/Migrations/DatabaseMigrationRepository.php:182
/home/coder/project/vendor/laravel/framework/src/Illuminate/Database/Migrations/Migrator.php:700
/home/coder/project/vendor/laravel/framework/src/Illuminate/Database/Console/Migrations/MigrateCommand.php:140
/home/coder/project/vendor/laravel/framework/src/Illuminate/Support/helpers.php:248
/home/coder/project/vendor/laravel/framework/src/Illuminate/Database/Console/Migrations/MigrateCommand.php:159
/home/coder/project/vendor/laravel/framework/src/Illuminate/Database/Console/Migrations/MigrateCommand.php:116
/home/coder/project/vendor/laravel/framework/src/Illuminate/Database/Console/Migrations/MigrateCommand.php:84
/home/coder/project/vendor/laravel/framework/src/Illuminate/Database/Migrations/Migrator.php:633
/home/coder/project/vendor/laravel/framework/src/Illuminate/Database/Console/Migrations/MigrateCommand.php:104
/home/coder/project/vendor/laravel/framework/src/Illuminate/Container/BoundMethod.php:36
/home/coder/project/vendor/laravel/framework/src/Illuminate/Container/Util.php:41
/home/coder/project/vendor/laravel/framework/src/Illuminate/Container/BoundMethod.php:93
/home/coder/project/vendor/laravel/framework/src/Illuminate/Container/BoundMethod.php:37
/home/coder/project/vendor/laravel/framework/src/Illuminate/Container/Container.php:662
/home/coder/project/vendor/laravel/framework/src/Illuminate/Console/Command.php:211
/home/coder/project/vendor/symfony/console/Command/Command.php:326
/home/coder/project/vendor/laravel/framework/src/Illuminate/Console/Command.php:181
/home/coder/project/vendor/symfony/console/Application.php:1078
/home/coder/project/vendor/symfony/console/Application.php:324
/home/coder/project/vendor/symfony/console/Application.php:175
/home/coder/project/vendor/laravel/framework/src/Illuminate/Console/Application.php:163
/home/coder/project/vendor/laravel/framework/src/Illuminate/Foundation/Console/Kernel.php:400
/home/coder/project/vendor/laravel/framework/src/Illuminate/Testing/PendingCommand.php:297
/home/coder/project/vendor/laravel/framework/src/Illuminate/Testing/PendingCommand.php:484
/home/coder/project/vendor/laravel/framework/src/Illuminate/Foundation/Testing/Concerns/InteractsWithConsole.php:80
/home/coder/project/vendor/laravel/framework/src/Illuminate/Foundation/Testing/RefreshDatabase.php:47
/home/coder/project/vendor/laravel/framework/src/Illuminate/Foundation/Testing/RefreshDatabase.php:22
/home/coder/project/vendor/laravel/framework/src/Illuminate/Foundation/Testing/TestCase.php:128
/home/coder/project/vendor/laravel/framework/src/Illuminate/Foundation/Testing/TestCase.php:97</error>
        </testcase>
        <testcase name="test_user_index_succeeds" class="Tests\Feature\app\Http\Controllers\UsersControllerTest" classname="Tests.Feature.app.Http.Controllers.UsersControllerTest" file="/home/coder/project/tests/Feature/app/Http/Controllers/UsersControllerTest.php" line="31" assertions="0" time="0.043498">
          <error type="Illuminate\Database\QueryException">Tests\Feature\app\Http\Controllers\UsersControllerTest::test_user_index_succeeds
Illuminate\Database\QueryException: could not find driver (Connection: sqlite, SQL: PRAGMA foreign_keys = ON;)

/home/coder/project/vendor/laravel/framework/src/Illuminate/Database/Connection.php:822
/home/coder/project/vendor/laravel/framework/src/Illuminate/Database/Connection.php:776
/home/coder/project/vendor/laravel/framework/src/Illuminate/Database/Connection.php:581
/home/coder/project/vendor/laravel/framework/src/Illuminate/Database/Schema/Builder.php:511
/home/coder/project/vendor/laravel/framework/src/Illuminate/Database/SQLiteConnection.php:36
/home/coder/project/vendor/laravel/framework/src/Illuminate/Database/Connectors/ConnectionFactory.php:272
/home/coder/project/vendor/laravel/framework/src/Illuminate/Database/Connectors/ConnectionFactory.php:76
/home/coder/project/vendor/laravel/framework/src/Illuminate/Database/Connectors/ConnectionFactory.php:50
/home/coder/project/vendor/laravel/framework/src/Illuminate/Database/DatabaseManager.php:152
/home/coder/project/vendor/laravel/framework/src/Illuminate/Database/DatabaseManager.php:101
/home/coder/project/vendor/laravel/framework/src/Illuminate/Database/Migrations/DatabaseMigrationRepository.php:226
/home/coder/project/vendor/laravel/framework/src/Illuminate/Database/Migrations/DatabaseMigrationRepository.php:182
/home/coder/project/vendor/laravel/framework/src/Illuminate/Database/Migrations/Migrator.php:700
/home/coder/project/vendor/laravel/framework/src/Illuminate/Database/Console/Migrations/MigrateCommand.php:140
/home/coder/project/vendor/laravel/framework/src/Illuminate/Support/helpers.php:248
/home/coder/project/vendor/laravel/framework/src/Illuminate/Database/Console/Migrations/MigrateCommand.php:159
/home/coder/project/vendor/laravel/framework/src/Illuminate/Database/Console/Migrations/MigrateCommand.php:116
/home/coder/project/vendor/laravel/framework/src/Illuminate/Database/Console/Migrations/MigrateCommand.php:84
/home/coder/project/vendor/laravel/framework/src/Illuminate/Database/Migrations/Migrator.php:633
/home/coder/project/vendor/laravel/framework/src/Illuminate/Database/Console/Migrations/MigrateCommand.php:104
/home/coder/project/vendor/laravel/framework/src/Illuminate/Container/BoundMethod.php:36
/home/coder/project/vendor/laravel/framework/src/Illuminate/Container/Util.php:41
/home/coder/project/vendor/laravel/framework/src/Illuminate/Container/BoundMethod.php:93
/home/coder/project/vendor/laravel/framework/src/Illuminate/Container/BoundMethod.php:37
/home/coder/project/vendor/laravel/framework/src/Illuminate/Container/Container.php:662
/home/coder/project/vendor/laravel/framework/src/Illuminate/Console/Command.php:211
/home/coder/project/vendor/symfony/console/Command/Command.php:326
/home/coder/project/vendor/laravel/framework/src/Illuminate/Console/Command.php:181
/home/coder/project/vendor/symfony/console/Application.php:1078
/home/coder/project/vendor/symfony/console/Application.php:324
/home/coder/project/vendor/symfony/console/Application.php:175
/home/coder/project/vendor/laravel/framework/src/Illuminate/Console/Application.php:163
/home/coder/project/vendor/laravel/framework/src/Illuminate/Foundation/Console/Kernel.php:400
/home/coder/project/vendor/laravel/framework/src/Illuminate/Testing/PendingCommand.php:297
/home/coder/project/vendor/laravel/framework/src/Illuminate/Testing/PendingCommand.php:484
/home/coder/project/vendor/laravel/framework/src/Illuminate/Foundation/Testing/Concerns/InteractsWithConsole.php:80
/home/coder/project/vendor/laravel/framework/src/Illuminate/Foundation/Testing/RefreshDatabase.php:47
/home/coder/project/vendor/laravel/framework/src/Illuminate/Foundation/Testing/RefreshDatabase.php:22
/home/coder/project/vendor/laravel/framework/src/Illuminate/Foundation/Testing/TestCase.php:128
/home/coder/project/vendor/laravel/framework/src/Illuminate/Foundation/Testing/TestCase.php:97</error>
        </testcase>
        <testcase name="test_user_creation_when_admin_succeeds" class="Tests\Feature\app\Http\Controllers\UsersControllerTest" classname="Tests.Feature.app.Http.Controllers.UsersControllerTest" file="/home/coder/project/tests/Feature/app/Http/Controllers/UsersControllerTest.php" line="41" assertions="0" time="0.033577">
          <error type="Illuminate\Database\QueryException">Tests\Feature\app\Http\Controllers\UsersControllerTest::test_user_creation_when_admin_succeeds
Illuminate\Database\QueryException: could not find driver (Connection: sqlite, SQL: PRAGMA foreign_keys = ON;)

/home/coder/project/vendor/laravel/framework/src/Illuminate/Database/Connection.php:822
/home/coder/project/vendor/laravel/framework/src/Illuminate/Database/Connection.php:776
/home/coder/project/vendor/laravel/framework/src/Illuminate/Database/Connection.php:581
/home/coder/project/vendor/laravel/framework/src/Illuminate/Database/Schema/Builder.php:511
/home/coder/project/vendor/laravel/framework/src/Illuminate/Database/SQLiteConnection.php:36
/home/coder/project/vendor/laravel/framework/src/Illuminate/Database/Connectors/ConnectionFactory.php:272
/home/coder/project/vendor/laravel/framework/src/Illuminate/Database/Connectors/ConnectionFactory.php:76
/home/coder/project/vendor/laravel/framework/src/Illuminate/Database/Connectors/ConnectionFactory.php:50
/home/coder/project/vendor/laravel/framework/src/Illuminate/Database/DatabaseManager.php:152
/home/coder/project/vendor/laravel/framework/src/Illuminate/Database/DatabaseManager.php:101
/home/coder/project/vendor/laravel/framework/src/Illuminate/Database/Migrations/DatabaseMigrationRepository.php:226
/home/coder/project/vendor/laravel/framework/src/Illuminate/Database/Migrations/DatabaseMigrationRepository.php:182
/home/coder/project/vendor/laravel/framework/src/Illuminate/Database/Migrations/Migrator.php:700
/home/coder/project/vendor/laravel/framework/src/Illuminate/Database/Console/Migrations/MigrateCommand.php:140
/home/coder/project/vendor/laravel/framework/src/Illuminate/Support/helpers.php:248
/home/coder/project/vendor/laravel/framework/src/Illuminate/Database/Console/Migrations/MigrateCommand.php:159
/home/coder/project/vendor/laravel/framework/src/Illuminate/Database/Console/Migrations/MigrateCommand.php:116
/home/coder/project/vendor/laravel/framework/src/Illuminate/Database/Console/Migrations/MigrateCommand.php:84
/home/coder/project/vendor/laravel/framework/src/Illuminate/Database/Migrations/Migrator.php:633
/home/coder/project/vendor/laravel/framework/src/Illuminate/Database/Console/Migrations/MigrateCommand.php:104
/home/coder/project/vendor/laravel/framework/src/Illuminate/Container/BoundMethod.php:36
/home/coder/project/vendor/laravel/framework/src/Illuminate/Container/Util.php:41
/home/coder/project/vendor/laravel/framework/src/Illuminate/Container/BoundMethod.php:93
/home/coder/project/vendor/laravel/framework/src/Illuminate/Container/BoundMethod.php:37
/home/coder/project/vendor/laravel/framework/src/Illuminate/Container/Container.php:662
/home/coder/project/vendor/laravel/framework/src/Illuminate/Console/Command.php:211
/home/coder/project/vendor/symfony/console/Command/Command.php:326
/home/coder/project/vendor/laravel/framework/src/Illuminate/Console/Command.php:181
/home/coder/project/vendor/symfony/console/Application.php:1078
/home/coder/project/vendor/symfony/console/Application.php:324
/home/coder/project/vendor/symfony/console/Application.php:175
/home/coder/project/vendor/laravel/framework/src/Illuminate/Console/Application.php:163
/home/coder/project/vendor/laravel/framework/src/Illuminate/Foundation/Console/Kernel.php:400
/home/coder/project/vendor/laravel/framework/src/Illuminate/Testing/PendingCommand.php:297
/home/coder/project/vendor/laravel/framework/src/Illuminate/Testing/PendingCommand.php:484
/home/coder/project/vendor/laravel/framework/src/Illuminate/Foundation/Testing/Concerns/InteractsWithConsole.php:80
/home/coder/project/vendor/laravel/framework/src/Illuminate/Foundation/Testing/RefreshDatabase.php:47
/home/coder/project/vendor/laravel/framework/src/Illuminate/Foundation/Testing/RefreshDatabase.php:22
/home/coder/project/vendor/laravel/framework/src/Illuminate/Foundation/Testing/TestCase.php:128
/home/coder/project/vendor/laravel/framework/src/Illuminate/Foundation/Testing/TestCase.php:97</error>
        </testcase>
        <testcase name="test_user_creation_when_logged_in_fails_if_incomplete_request" class="Tests\Feature\app\Http\Controllers\UsersControllerTest" classname="Tests.Feature.app.Http.Controllers.UsersControllerTest" file="/home/coder/project/tests/Feature/app/Http/Controllers/UsersControllerTest.php" line="65" assertions="0" time="0.032840">
[...]
/home/coder/project/vendor/laravel/framework/src/Illuminate/Database/Console/Migrations/MigrateCommand.php:159
/home/coder/project/vendor/laravel/framework/src/Illuminate/Database/Console/Migrations/MigrateCommand.php:116
/home/coder/project/vendor/laravel/framework/src/Illuminate/Database/Console/Migrations/MigrateCommand.php:84
/home/coder/project/vendor/laravel/framework/src/Illuminate/Database/Migrations/Migrator.php:633
/home/coder/project/vendor/laravel/framework/src/Illuminate/Database/Console/Migrations/MigrateCommand.php:104
/home/coder/project/vendor/laravel/framework/src/Illuminate/Container/BoundMethod.php:36
/home/coder/project/vendor/laravel/framework/src/Illuminate/Container/Util.php:41
/home/coder/project/vendor/laravel/framework/src/Illuminate/Container/BoundMethod.php:93
/home/coder/project/vendor/laravel/framework/src/Illuminate/Container/BoundMethod.php:37
/home/coder/project/vendor/laravel/framework/src/Illuminate/Container/Container.php:662
/home/coder/project/vendor/laravel/framework/src/Illuminate/Console/Command.php:211
/home/coder/project/vendor/symfony/console/Command/Command.php:326
/home/coder/project/vendor/laravel/framework/src/Illuminate/Console/Command.php:181
/home/coder/project/vendor/symfony/console/Application.php:1078
/home/coder/project/vendor/symfony/console/Application.php:324
/home/coder/project/vendor/symfony/console/Application.php:175
/home/coder/project/vendor/laravel/framework/src/Illuminate/Console/Application.php:163
/home/coder/project/vendor/laravel/framework/src/Illuminate/Foundation/Console/Kernel.php:400
/home/coder/project/vendor/laravel/framework/src/Illuminate/Testing/PendingCommand.php:297
/home/coder/project/vendor/laravel/framework/src/Illuminate/Testing/PendingCommand.php:484
/home/coder/project/vendor/laravel/framework/src/Illuminate/Foundation/Testing/Concerns/InteractsWithConsole.php:80
/home/coder/project/vendor/laravel/framework/src/Illuminate/Foundation/Testing/RefreshDatabase.php:47
/home/coder/project/vendor/laravel/framework/src/Illuminate/Foundation/Testing/RefreshDatabase.php:22
/home/coder/project/vendor/laravel/framework/src/Illuminate/Foundation/Testing/TestCase.php:128
/home/coder/project/vendor/laravel/framework/src/Illuminate/Foundation/Testing/TestCase.php:97</error>
        </testcase>
        <testcase name="testAUserSeesAUserFromAnotherUnitWithMpeAvecDatesValides" class="Modules\Transformation\Tests\Unit\RestrictVisibilityTest" classname="Modules.Transformation.Tests.Unit.RestrictVisibilityTest" file="/home/coder/project/Modules/Transformation/Tests/Unit/RestrictVisibilityTest.php" line="79" assertions="0" time="0.034302">
          <error type="Illuminate\Database\QueryException">Modules\Transformation\Tests\Unit\RestrictVisibilityTest::testAUserSeesAUserFromAnotherUnitWithMpeAvecDatesValides
Illuminate\Database\QueryException: could not find driver (Connection: sqlite, SQL: PRAGMA foreign_keys = ON;)

/home/coder/project/vendor/laravel/framework/src/Illuminate/Database/Connection.php:822
/home/coder/project/vendor/laravel/framework/src/Illuminate/Database/Connection.php:776
/home/coder/project/vendor/laravel/framework/src/Illuminate/Database/Connection.php:581
/home/coder/project/vendor/laravel/framework/src/Illuminate/Database/Schema/Builder.php:511
/home/coder/project/vendor/laravel/framework/src/Illuminate/Database/SQLiteConnection.php:36
/home/coder/project/vendor/laravel/framework/src/Illuminate/Database/Connectors/ConnectionFactory.php:272
/home/coder/project/vendor/laravel/framework/src/Illuminate/Database/Connectors/ConnectionFactory.php:76
/home/coder/project/vendor/laravel/framework/src/Illuminate/Database/Connectors/ConnectionFactory.php:50
/home/coder/project/vendor/laravel/framework/src/Illuminate/Database/DatabaseManager.php:152
/home/coder/project/vendor/laravel/framework/src/Illuminate/Database/DatabaseManager.php:101
/home/coder/project/vendor/laravel/framework/src/Illuminate/Database/Migrations/DatabaseMigrationRepository.php:226
/home/coder/project/vendor/laravel/framework/src/Illuminate/Database/Migrations/DatabaseMigrationRepository.php:182
/home/coder/project/vendor/laravel/framework/src/Illuminate/Database/Migrations/Migrator.php:700
/home/coder/project/vendor/laravel/framework/src/Illuminate/Database/Console/Migrations/MigrateCommand.php:140
/home/coder/project/vendor/laravel/framework/src/Illuminate/Support/helpers.php:248
/home/coder/project/vendor/laravel/framework/src/Illuminate/Database/Console/Migrations/MigrateCommand.php:159
/home/coder/project/vendor/laravel/framework/src/Illuminate/Database/Console/Migrations/MigrateCommand.php:116
/home/coder/project/vendor/laravel/framework/src/Illuminate/Database/Console/Migrations/MigrateCommand.php:84
/home/coder/project/vendor/laravel/framework/src/Illuminate/Database/Migrations/Migrator.php:633
/home/coder/project/vendor/laravel/framework/src/Illuminate/Database/Console/Migrations/MigrateCommand.php:104
/home/coder/project/vendor/laravel/framework/src/Illuminate/Container/BoundMethod.php:36
/home/coder/project/vendor/laravel/framework/src/Illuminate/Container/Util.php:41
/home/coder/project/vendor/laravel/framework/src/Illuminate/Container/BoundMethod.php:93
/home/coder/project/vendor/laravel/framework/src/Illuminate/Container/BoundMethod.php:37
/home/coder/project/vendor/laravel/framework/src/Illuminate/Container/Container.php:662
/home/coder/project/vendor/laravel/framework/src/Illuminate/Console/Command.php:211
/home/coder/project/vendor/symfony/console/Command/Command.php:326
/home/coder/project/vendor/laravel/framework/src/Illuminate/Console/Command.php:181
/home/coder/project/vendor/symfony/console/Application.php:1078
/home/coder/project/vendor/symfony/console/Application.php:324
/home/coder/project/vendor/symfony/console/Application.php:175
/home/coder/project/vendor/laravel/framework/src/Illuminate/Console/Application.php:163
/home/coder/project/vendor/laravel/framework/src/Illuminate/Foundation/Console/Kernel.php:400
/home/coder/project/vendor/laravel/framework/src/Illuminate/Testing/PendingCommand.php:297
/home/coder/project/vendor/laravel/framework/src/Illuminate/Testing/PendingCommand.php:484
/home/coder/project/vendor/laravel/framework/src/Illuminate/Foundation/Testing/Concerns/InteractsWithConsole.php:80
/home/coder/project/vendor/laravel/framework/src/Illuminate/Foundation/Testing/RefreshDatabase.php:47
/home/coder/project/vendor/laravel/framework/src/Illuminate/Foundation/Testing/RefreshDatabase.php:22
/home/coder/project/vendor/laravel/framework/src/Illuminate/Foundation/Testing/TestCase.php:128
/home/coder/project/vendor/laravel/framework/src/Illuminate/Foundation/Testing/TestCase.php:97</error>
        </testcase>
        <testcase name="testAUserSeesNotAUserFromAnotherUnitWithMpeAvecDatesNonValides" class="Modules\Transformation\Tests\Unit\RestrictVisibilityTest" classname="Modules.Transformation.Tests.Unit.RestrictVisibilityTest" file="/home/coder/project/Modules/Transformation/Tests/Unit/RestrictVisibilityTest.php" line="106" assertions="0" time="0.032939">
          <error type="Illuminate\Database\QueryException">Modules\Transformation\Tests\Unit\RestrictVisibilityTest::testAUserSeesNotAUserFromAnotherUnitWithMpeAvecDatesNonValides
Illuminate\Database\QueryException: could not find driver (Connection: sqlite, SQL: PRAGMA foreign_keys = ON;)

/home/coder/project/vendor/laravel/framework/src/Illuminate/Database/Connection.php:822
/home/coder/project/vendor/laravel/framework/src/Illuminate/Database/Connection.php:776
/home/coder/project/vendor/laravel/framework/src/Illuminate/Database/Connection.php:581
/home/coder/project/vendor/laravel/framework/src/Illuminate/Database/Schema/Builder.php:511
/home/coder/project/vendor/laravel/framework/src/Illuminate/Database/SQLiteConnection.php:36
/home/coder/project/vendor/laravel/framework/src/Illuminate/Database/Connectors/ConnectionFactory.php:272
/home/coder/project/vendor/laravel/framework/src/Illuminate/Database/Connectors/ConnectionFactory.php:76
/home/coder/project/vendor/laravel/framework/src/Illuminate/Database/Connectors/ConnectionFactory.php:50
/home/coder/project/vendor/laravel/framework/src/Illuminate/Database/DatabaseManager.php:152
/home/coder/project/vendor/laravel/framework/src/Illuminate/Database/DatabaseManager.php:101
/home/coder/project/vendor/laravel/framework/src/Illuminate/Database/Migrations/DatabaseMigrationRepository.php:226
/home/coder/project/vendor/laravel/framework/src/Illuminate/Database/Migrations/DatabaseMigrationRepository.php:182
/home/coder/project/vendor/laravel/framework/src/Illuminate/Database/Migrations/Migrator.php:700
/home/coder/project/vendor/laravel/framework/src/Illuminate/Database/Console/Migrations/MigrateCommand.php:140
/home/coder/project/vendor/laravel/framework/src/Illuminate/Support/helpers.php:248
/home/coder/project/vendor/laravel/framework/src/Illuminate/Database/Console/Migrations/MigrateCommand.php:159
/home/coder/project/vendor/laravel/framework/src/Illuminate/Database/Console/Migrations/MigrateCommand.php:116
/home/coder/project/vendor/laravel/framework/src/Illuminate/Database/Console/Migrations/MigrateCommand.php:84
/home/coder/project/vendor/laravel/framework/src/Illuminate/Database/Migrations/Migrator.php:633
/home/coder/project/vendor/laravel/framework/src/Illuminate/Database/Console/Migrations/MigrateCommand.php:104
/home/coder/project/vendor/laravel/framework/src/Illuminate/Container/BoundMethod.php:36
/home/coder/project/vendor/laravel/framework/src/Illuminate/Container/Util.php:41
/home/coder/project/vendor/laravel/framework/src/Illuminate/Container/BoundMethod.php:93
/home/coder/project/vendor/laravel/framework/src/Illuminate/Container/BoundMethod.php:37
/home/coder/project/vendor/laravel/framework/src/Illuminate/Container/Container.php:662
/home/coder/project/vendor/laravel/framework/src/Illuminate/Console/Command.php:211
/home/coder/project/vendor/symfony/console/Command/Command.php:326
/home/coder/project/vendor/laravel/framework/src/Illuminate/Console/Command.php:181
/home/coder/project/vendor/symfony/console/Application.php:1078
/home/coder/project/vendor/symfony/console/Application.php:324
/home/coder/project/vendor/symfony/console/Application.php:175
/home/coder/project/vendor/laravel/framework/src/Illuminate/Console/Application.php:163
/home/coder/project/vendor/laravel/framework/src/Illuminate/Foundation/Console/Kernel.php:400
/home/coder/project/vendor/laravel/framework/src/Illuminate/Testing/PendingCommand.php:297
/home/coder/project/vendor/laravel/framework/src/Illuminate/Testing/PendingCommand.php:484
/home/coder/project/vendor/laravel/framework/src/Illuminate/Foundation/Testing/Concerns/InteractsWithConsole.php:80
/home/coder/project/vendor/laravel/framework/src/Illuminate/Foundation/Testing/RefreshDatabase.php:47
/home/coder/project/vendor/laravel/framework/src/Illuminate/Foundation/Testing/RefreshDatabase.php:22
/home/coder/project/vendor/laravel/framework/src/Illuminate/Foundation/Testing/TestCase.php:128
/home/coder/project/vendor/laravel/framework/src/Illuminate/Foundation/Testing/TestCase.php:97</error>
        </testcase>
        <testcase name="testAUserSeesUsersFromHisUnitAndWithMpe" class="Modules\Transformation\Tests\Unit\RestrictVisibilityTest" classname="Modules.Transformation.Tests.Unit.RestrictVisibilityTest" file="/home/coder/project/Modules/Transformation/Tests/Unit/RestrictVisibilityTest.php" line="137" assertions="0" time="0.032348">
          <error type="Illuminate\Database\QueryException">Modules\Transformation\Tests\Unit\RestrictVisibilityTest::testAUserSeesUsersFromHisUnitAndWithMpe
Illuminate\Database\QueryException: could not find driver (Connection: sqlite, SQL: PRAGMA foreign_keys = ON;)

/home/coder/project/vendor/laravel/framework/src/Illuminate/Database/Connection.php:822
/home/coder/project/vendor/laravel/framework/src/Illuminate/Database/Connection.php:776
/home/coder/project/vendor/laravel/framework/src/Illuminate/Database/Connection.php:581
/home/coder/project/vendor/laravel/framework/src/Illuminate/Database/Schema/Builder.php:511
/home/coder/project/vendor/laravel/framework/src/Illuminate/Database/SQLiteConnection.php:36
/home/coder/project/vendor/laravel/framework/src/Illuminate/Database/Connectors/ConnectionFactory.php:272
/home/coder/project/vendor/laravel/framework/src/Illuminate/Database/Connectors/ConnectionFactory.php:76
/home/coder/project/vendor/laravel/framework/src/Illuminate/Database/Connectors/ConnectionFactory.php:50
/home/coder/project/vendor/laravel/framework/src/Illuminate/Database/DatabaseManager.php:152
/home/coder/project/vendor/laravel/framework/src/Illuminate/Database/DatabaseManager.php:101
/home/coder/project/vendor/laravel/framework/src/Illuminate/Database/Migrations/DatabaseMigrationRepository.php:226
/home/coder/project/vendor/laravel/framework/src/Illuminate/Database/Migrations/DatabaseMigrationRepository.php:182
/home/coder/project/vendor/laravel/framework/src/Illuminate/Database/Migrations/Migrator.php:700
/home/coder/project/vendor/laravel/framework/src/Illuminate/Database/Console/Migrations/MigrateCommand.php:140
/home/coder/project/vendor/laravel/framework/src/Illuminate/Support/helpers.php:248
/home/coder/project/vendor/laravel/framework/src/Illuminate/Database/Console/Migrations/MigrateCommand.php:159
/home/coder/project/vendor/laravel/framework/src/Illuminate/Database/Console/Migrations/MigrateCommand.php:116
/home/coder/project/vendor/laravel/framework/src/Illuminate/Database/Console/Migrations/MigrateCommand.php:84
/home/coder/project/vendor/laravel/framework/src/Illuminate/Database/Migrations/Migrator.php:633
/home/coder/project/vendor/laravel/framework/src/Illuminate/Database/Console/Migrations/MigrateCommand.php:104
/home/coder/project/vendor/laravel/framework/src/Illuminate/Container/BoundMethod.php:36
/home/coder/project/vendor/laravel/framework/src/Illuminate/Container/Util.php:41
/home/coder/project/vendor/laravel/framework/src/Illuminate/Container/BoundMethod.php:93
/home/coder/project/vendor/laravel/framework/src/Illuminate/Container/BoundMethod.php:37
/home/coder/project/vendor/laravel/framework/src/Illuminate/Container/Container.php:662
/home/coder/project/vendor/laravel/framework/src/Illuminate/Console/Command.php:211
/home/coder/project/vendor/symfony/console/Command/Command.php:326
/home/coder/project/vendor/laravel/framework/src/Illuminate/Console/Command.php:181
/home/coder/project/vendor/symfony/console/Application.php:1078
/home/coder/project/vendor/symfony/console/Application.php:324
/home/coder/project/vendor/symfony/console/Application.php:175
/home/coder/project/vendor/laravel/framework/src/Illuminate/Console/Application.php:163
/home/coder/project/vendor/laravel/framework/src/Illuminate/Foundation/Console/Kernel.php:400
/home/coder/project/vendor/laravel/framework/src/Illuminate/Testing/PendingCommand.php:297
/home/coder/project/vendor/laravel/framework/src/Illuminate/Testing/PendingCommand.php:484
/home/coder/project/vendor/laravel/framework/src/Illuminate/Foundation/Testing/Concerns/InteractsWithConsole.php:80
/home/coder/project/vendor/laravel/framework/src/Illuminate/Foundation/Testing/RefreshDatabase.php:47
/home/coder/project/vendor/laravel/framework/src/Illuminate/Foundation/Testing/RefreshDatabase.php:22
/home/coder/project/vendor/laravel/framework/src/Illuminate/Foundation/Testing/TestCase.php:128
/home/coder/project/vendor/laravel/framework/src/Illuminate/Foundation/Testing/TestCase.php:97</error>
        </testcase>
        <testcase name="testAUserSeesUsersFromHisUnitButNotThoseWithInvalidMpe" class="Modules\Transformation\Tests\Unit\RestrictVisibilityTest" classname="Modules.Transformation.Tests.Unit.RestrictVisibilityTest" file="/home/coder/project/Modules/Transformation/Tests/Unit/RestrictVisibilityTest.php" line="166" assertions="0" time="0.042084">
          <error type="Illuminate\Database\QueryException">Modules\Transformation\Tests\Unit\RestrictVisibilityTest::testAUserSeesUsersFromHisUnitButNotThoseWithInvalidMpe
Illuminate\Database\QueryException: could not find driver (Connection: sqlite, SQL: PRAGMA foreign_keys = ON;)

/home/coder/project/vendor/laravel/framework/src/Illuminate/Database/Connection.php:822
/home/coder/project/vendor/laravel/framework/src/Illuminate/Database/Connection.php:776
/home/coder/project/vendor/laravel/framework/src/Illuminate/Database/Connection.php:581
/home/coder/project/vendor/laravel/framework/src/Illuminate/Database/Schema/Builder.php:511
/home/coder/project/vendor/laravel/framework/src/Illuminate/Database/SQLiteConnection.php:36
/home/coder/project/vendor/laravel/framework/src/Illuminate/Database/Connectors/ConnectionFactory.php:272
/home/coder/project/vendor/laravel/framework/src/Illuminate/Database/Connectors/ConnectionFactory.php:76
/home/coder/project/vendor/laravel/framework/src/Illuminate/Database/Connectors/ConnectionFactory.php:50
/home/coder/project/vendor/laravel/framework/src/Illuminate/Database/DatabaseManager.php:152
/home/coder/project/vendor/laravel/framework/src/Illuminate/Database/DatabaseManager.php:101
/home/coder/project/vendor/laravel/framework/src/Illuminate/Database/Migrations/DatabaseMigrationRepository.php:226
/home/coder/project/vendor/laravel/framework/src/Illuminate/Database/Migrations/DatabaseMigrationRepository.php:182
/home/coder/project/vendor/laravel/framework/src/Illuminate/Database/Migrations/Migrator.php:700
/home/coder/project/vendor/laravel/framework/src/Illuminate/Database/Console/Migrations/MigrateCommand.php:140
/home/coder/project/vendor/laravel/framework/src/Illuminate/Support/helpers.php:248
/home/coder/project/vendor/laravel/framework/src/Illuminate/Database/Console/Migrations/MigrateCommand.php:159
/home/coder/project/vendor/laravel/framework/src/Illuminate/Database/Console/Migrations/MigrateCommand.php:116
/home/coder/project/vendor/laravel/framework/src/Illuminate/Database/Console/Migrations/MigrateCommand.php:84
/home/coder/project/vendor/laravel/framework/src/Illuminate/Database/Migrations/Migrator.php:633
/home/coder/project/vendor/laravel/framework/src/Illuminate/Database/Console/Migrations/MigrateCommand.php:104
/home/coder/project/vendor/laravel/framework/src/Illuminate/Container/BoundMethod.php:36
/home/coder/project/vendor/laravel/framework/src/Illuminate/Container/Util.php:41
/home/coder/project/vendor/laravel/framework/src/Illuminate/Container/BoundMethod.php:93
/home/coder/project/vendor/laravel/framework/src/Illuminate/Container/BoundMethod.php:37
/home/coder/project/vendor/laravel/framework/src/Illuminate/Container/Container.php:662
/home/coder/project/vendor/laravel/framework/src/Illuminate/Console/Command.php:211
/home/coder/project/vendor/symfony/console/Command/Command.php:326
/home/coder/project/vendor/laravel/framework/src/Illuminate/Console/Command.php:181
/home/coder/project/vendor/symfony/console/Application.php:1078
/home/coder/project/vendor/symfony/console/Application.php:324
/home/coder/project/vendor/symfony/console/Application.php:175
/home/coder/project/vendor/laravel/framework/src/Illuminate/Console/Application.php:163
/home/coder/project/vendor/laravel/framework/src/Illuminate/Foundation/Console/Kernel.php:400
/home/coder/project/vendor/laravel/framework/src/Illuminate/Testing/PendingCommand.php:297
/home/coder/project/vendor/laravel/framework/src/Illuminate/Testing/PendingCommand.php:484
/home/coder/project/vendor/laravel/framework/src/Illuminate/Foundation/Testing/Concerns/InteractsWithConsole.php:80
/home/coder/project/vendor/laravel/framework/src/Illuminate/Foundation/Testing/RefreshDatabase.php:47
/home/coder/project/vendor/laravel/framework/src/Illuminate/Foundation/Testing/RefreshDatabase.php:22
/home/coder/project/vendor/laravel/framework/src/Illuminate/Foundation/Testing/TestCase.php:128
/home/coder/project/vendor/laravel/framework/src/Illuminate/Foundation/Testing/TestCase.php:97</error>
        </testcase>
      </testsuite>
    </testsuite>
  </testsuite>
</testsuites>
